     code        Rank1 RMSD1        Rank2 RMSD2        Rank3 RMSD3
1    4llx     4llx_213  0.45     4llx_236  0.43     4llx_386  0.33
2    5c28     5c28_382  2.10  5c28_ligand  0.00       5c28_4  0.82
3    3uuo     3uuo_212  0.71     3uuo_247  0.64  3uuo_ligand  0.00
4    3ui7  3ui7_ligand  0.00     3ui7_333  0.45     3ui7_282  0.50
5    5c2h     5c2h_240  0.46     5c2h_247  0.94     5c2h_244  0.59
6    2v00  2v00_ligand  0.00     2v00_755  1.75     2v00_145  5.08
7    3wz8  3wz8_ligand  0.00      3wz8_86  2.10     3wz8_318  2.23
8    3pww  3pww_ligand  0.00     3pww_888  1.50     3pww_256  0.88
9    3prs  3prs_ligand  0.00     3prs_213  2.45     3prs_701  1.22
10   3uri    3uri_1002  0.93    3uri_1000  0.94    3uri_1003  0.91
11   4m0z  4m0z_ligand  0.00      4m0z_41  0.68     4m0z_516  0.59
12   4m0y     4m0y_336  4.58  4m0y_ligand  0.00     4m0y_814  1.81
13   3qgy     3qgy_372  0.51     3qgy_318  0.90     3qgy_374  1.12
14   4qd6      4qd6_84  3.99  4qd6_ligand  0.00     4qd6_339  4.59
15   4rfm  4rfm_ligand  0.00     4rfm_327  0.80     4rfm_354  0.71
16   4cr9     4cr9_307  2.29  4cr9_ligand  0.00     4cr9_358  0.95
17   4cra  4cra_ligand  0.00     4cra_364  0.45     4cra_175  1.13
18   4x6p  4x6p_ligand  0.00     4x6p_324  0.63     4x6p_312  0.67
19   4crc  4crc_ligand  0.00     4crc_314  0.91     4crc_168  0.96
20   4ty7  4ty7_ligand  0.00     4ty7_895  2.00     4ty7_702  0.69
21   5aba     5aba_702  2.00     5aba_703  2.00  5aba_ligand  0.00
22   5a7b  5a7b_ligand  0.00     5a7b_358  0.95     5a7b_284  0.88
23   4agn     4agn_257  0.84     4agn_715  0.77  4agn_ligand  0.00
24   4agp  4agp_ligand  0.00     4agp_328  1.56     4agp_775  0.69
25   4agq  4agq_ligand  0.00     4agq_339  0.95     4agq_228  1.93
26   3bgz  3bgz_ligand  0.00      3bgz_97  0.23      3bgz_81  0.44
27   3jya     3jya_420  1.00     3jya_238  0.60     3jya_125  0.99
28   2c3i  2c3i_ligand  0.00      2c3i_16  0.97     2c3i_387  0.98
29   4k18  4k18_ligand  0.00     4k18_365  3.98     4k18_201  0.70
30   5dwr     5dwr_382  0.46  5dwr_ligand  0.00     5dwr_289  0.54
31   3mss  3mss_ligand  0.00      3mss_79  1.99      3mss_96  2.00
32   3k5v  3k5v_ligand  0.00     3k5v_385  0.63     3k5v_386  0.64
33   3pyy  3pyy_ligand  0.00     3pyy_296  0.31     3pyy_812  1.63
34   2v7a  2v7a_ligand  0.00     2v7a_304  0.77     2v7a_388  0.50
35   4twp     4twp_379  0.76     4twp_352  0.95     4twp_109  0.72
36   3wtj     3wtj_976  0.53     3wtj_328  0.31     3wtj_307  0.38
37   3zdg     3zdg_100  0.85       3zdg_9  0.71      3zdg_43  0.66
38   3u8k  3u8k_ligand  0.00     3u8k_830  0.52     3u8k_362  0.52
39   4qac  4qac_ligand  0.00     4qac_109  0.50     4qac_144  0.64
40   3u8n  3u8n_ligand  0.00     3u8n_822  0.75     3u8n_915  0.86
41   1a30      1a30_35  3.57      1a30_75  8.07     1a30_130  2.09
42   2qnq     2qnq_250  1.00  2qnq_ligand  0.00      2qnq_43  0.56
43   1g2k      1g2k_74  0.60  1g2k_ligand  0.00     1g2k_247  0.64
44   1eby  1eby_ligand  0.00     1eby_364  0.95     1eby_238  0.95
45   3o9i  3o9i_ligand  0.00      3o9i_38  0.68     3o9i_227  0.79
46   4lzs  4lzs_ligand  0.00      4lzs_38  0.48     4lzs_702  0.38
47   3u5j  3u5j_ligand  0.00     3u5j_143  1.03      3u5j_62  0.57
48   4wiv  4wiv_ligand  0.00     4wiv_977  1.94     4wiv_890  4.01
49   4ogj  4ogj_ligand  0.00     4ogj_881  2.08     4ogj_999  1.36
50   3p5o  3p5o_ligand  0.00     3p5o_759  0.69     3p5o_287  0.80
51   1ps3     1ps3_736  0.85     1ps3_943  0.44     1ps3_994  2.52
52   3dx1     3dx1_989  0.74     3dx1_785  3.14     3dx1_851  2.09
53   3d4z     3d4z_331  1.06  3d4z_ligand  0.00     3d4z_376  0.31
54   3dx2     3dx2_836  0.99     3dx2_820  0.37     3dx2_750  3.92
55   3ejr     3ejr_360  0.41     3ejr_327  0.56     3ejr_776  3.91
56   3l7b     3l7b_163  0.69  3l7b_ligand  0.00       3l7b_9  0.40
57   4eky     4eky_899  0.67     4eky_883  0.76     4eky_972  1.02
58   3g2n     3g2n_117  0.78     3g2n_355  0.90     3g2n_870  1.76
59   3syr     3syr_105  0.64  3syr_ligand  0.00      3syr_46  0.71
60   3ebp     3ebp_713  0.66     3ebp_721  0.60     3ebp_261  1.47
61   2w66     2w66_229  0.59     2w66_702  0.36  2w66_ligand  0.00
62   2w4x     2w4x_405  1.02     2w4x_296  0.87     2w4x_306  1.13
63   2wca     2wca_269  1.99     2wca_173  4.15     2wca_235  1.82
64   2xj7     2xj7_914  0.27  2xj7_ligand  0.00     2xj7_161  0.39
65   2vvn     2vvn_205  0.61  2vvn_ligand  0.00     2vvn_802  0.44
66   3aru      3aru_38  9.17     3aru_356  0.98      3aru_98  0.85
67   3arv     3arv_515  3.27      3arv_56  2.92     3arv_336  2.64
68   3ary     3ary_290  8.90     3ary_195  8.71     3ary_884  8.04
69   3arq     3arq_328  1.50     3arq_392  1.35     3arq_314  1.78
70   3arp  3arp_ligand  0.00      3arp_67  0.98      3arp_73  3.08
71   4ih5     4ih5_367  0.59  4ih5_ligand  0.00     4ih5_219  3.92
72   4ih7  4ih7_ligand  0.00     4ih7_241  0.44      4ih7_12  0.69
73   3cj4  3cj4_ligand  0.00     3cj4_338  0.64     3cj4_866  0.93
74   4eo8  4eo8_ligand  0.00      4eo8_12  0.39      4eo8_63  0.57
75   3gnw     3gnw_712  0.63  3gnw_ligand  0.00     3gnw_857  1.38
76   1gpk  1gpk_ligand  0.00     1gpk_364  0.26     1gpk_328  0.52
77   1gpn     1gpn_299  0.35  1gpn_ligand  0.00     1gpn_252  0.37
78   1h23  1h23_ligand  0.00     1h23_304  1.84     1h23_335  1.86
79   1h22  1h22_ligand  0.00       1h22_4  2.02     1h22_288  5.25
80   1e66  1e66_ligand  0.00     1e66_158  0.56     1e66_909  0.98
81   3f3a  3f3a_ligand  0.00     3f3a_359  4.99     3f3a_203  0.20
82   3f3c     3f3c_401  0.77  3f3c_ligand  0.00     3f3c_407  0.87
83   4mme     4mme_324  0.60  4mme_ligand  0.00      4mme_71  0.55
84   3f3d  3f3d_ligand  0.00      3f3d_99  0.88     3f3d_319  0.99
85   3f3e  3f3e_ligand  0.00     3f3e_197  0.22     3f3e_107  0.38
86   2wbg      2wbg_75  0.33     2wbg_944  2.08      2wbg_15  0.77
87   2cbv     2cbv_985  2.00     2cbv_984  2.05     2cbv_712  0.58
88   2j78     2j78_326  0.70      2j78_97  0.47      2j78_31  0.74
89   2j7h     2j7h_912  0.48  2j7h_ligand  0.00     2j7h_762  1.59
90   2cet     2cet_123  0.94     2cet_326  0.97     2cet_125  2.48
91   3udh     3udh_359  0.14  3udh_ligand  0.00      3udh_50  0.50
92   3rsx  3rsx_ligand  0.00     3rsx_506  1.54     3rsx_423  1.53
93   4djv  4djv_ligand  0.00     4djv_349  0.40     4djv_212  0.43
94   2vkm  2vkm_ligand  0.00     2vkm_806  0.93     2vkm_706  0.97
95   4gid  4gid_ligand  0.00     4gid_197  0.77     4gid_336  0.97
96   4jfs     4jfs_385  0.89     4jfs_818  0.92     4jfs_362  0.66
97   4j28     4j28_303  1.00     4j28_587  5.98     4j28_944  5.89
98   2wvt     2wvt_922  0.61     2wvt_217  0.34  2wvt_ligand  0.00
99   2xii     2xii_397  0.58     2xii_146  0.53  2xii_ligand  0.00
100  4pcs     4pcs_173  0.77     4pcs_152  0.91     4pcs_309  0.46
101  3rr4     3rr4_369  0.22      3rr4_73  1.12  3rr4_ligand  0.00
102  1s38  1s38_ligand  0.00     1s38_305  0.47      1s38_82  0.42
103  1r5y  1r5y_ligand  0.00     1r5y_113  0.44     1r5y_167  0.16
104  3gc5  3gc5_ligand  0.00     3gc5_559  1.83     3gc5_408  2.06
105  3ge7     3ge7_717  0.78  3ge7_ligand  0.00     3ge7_895  0.91
106  4dli      4dli_96  0.44      4dli_42  0.41  4dli_ligand  0.00
107  2zb1     2zb1_329  0.43  2zb1_ligand  0.00      2zb1_55  0.41
108  4f9w      4f9w_36  0.30  4f9w_ligand  0.00      4f9w_25  0.53
109  3e92     3e92_907  0.39  3e92_ligand  0.00     3e92_106  0.32
110  3e93     3e93_813  0.50     3e93_141  0.46  3e93_ligand  0.00
111  4owm     4owm_366  1.41     4owm_389  0.63     4owm_362  0.56
112  3twp     3twp_362  2.42     3twp_160  7.26     3twp_108  7.31
113  3r88     3r88_255  0.58  3r88_ligand  0.00     3r88_213  0.59
114  4gkm     4gkm_375  0.56  4gkm_ligand  0.00     4gkm_301  2.32
115  3qqs  3qqs_ligand  0.00      3qqs_35  0.61     3qqs_404  3.80
116  3gv9      3gv9_84  0.86       3gv9_6  0.60       3gv9_7  0.59
117  3gr2     3gr2_337  1.94     3gr2_732  3.93     3gr2_122  5.42
118  4kz6     4kz6_960  1.11     4kz6_308  0.28     4kz6_373  0.91
119  4jxs     4jxs_770  7.15       4jxs_2  1.95  4jxs_ligand  0.00
120  2r9w     2r9w_145  5.82  2r9w_ligand  0.00     2r9w_734  1.28
121  2hb1  2hb1_ligand  0.00     2hb1_175  0.41     2hb1_313  0.32
122  1bzc  1bzc_ligand  0.00     1bzc_375  0.69     1bzc_323  0.74
123  2qbr  2qbr_ligand  0.00     2qbr_778  0.87     2qbr_353  0.86
124  2qbq     2qbq_235  0.92  2qbq_ligand  0.00      2qbq_97  0.91
125  2qbp  2qbp_ligand  0.00      2qbp_71  5.19      2qbp_28  1.85
126  1q8t     1q8t_262  0.87  1q8t_ligand  0.00      1q8t_60  0.92
127  1ydr     1ydr_801  1.00  1ydr_ligand  0.00      1ydr_26  0.93
128  1q8u  1q8u_ligand  0.00     1q8u_796  0.54     1q8u_902  0.69
129  1ydt     1ydt_817  1.01      1ydt_47  1.07     1ydt_121  1.00
130  3ag9  3ag9_ligand  0.00    3ag9_1010  2.00    3ag9_1003  1.94
131  3fcq     3fcq_418  3.30     3fcq_428  3.01     3fcq_129  5.65
132  1z9g  1z9g_ligand  0.00     1z9g_715  1.41     1z9g_849  0.89
133  1qf1     1qf1_943  3.90     1qf1_728  0.99  1qf1_ligand  0.00
134  5tmn  5tmn_ligand  0.00     5tmn_717  1.71     5tmn_756  2.48
135  4tmn  4tmn_ligand  0.00     4tmn_324  0.74     4tmn_231  1.18
136  4ddk     4ddk_303  0.26     4ddk_391  0.42     4ddk_361  0.57
137  4ddh  4ddh_ligand  0.00       4ddh_1  0.45      4ddh_79  0.80
138  3ivg     3ivg_252  0.80     3ivg_209  0.97     3ivg_705  0.96
139  3coz     3coz_238  0.45     3coz_388  0.83     3coz_206  0.43
140  3coy     3coy_384  0.26  3coy_ligand  0.00     3coy_262  2.76
141  3pxf     3pxf_339  9.71       3pxf_2  9.39      3pxf_22  9.03
142  4eor  4eor_ligand  0.00      4eor_72  4.72     4eor_850  0.62
143  2xnb     2xnb_846  0.96  2xnb_ligand  0.00     2xnb_253  0.92
144  1pxn  1pxn_ligand  0.00      1pxn_96  0.51     1pxn_225  1.05
145  2fvd  2fvd_ligand  0.00      2fvd_42  3.04     2fvd_243  7.60
146  4k77     4k77_237  0.36     4k77_325  3.06  4k77_ligand  0.00
147  4e5w  4e5w_ligand  0.00     4e5w_121  0.15     4e5w_286  0.40
148  4ivb  4ivb_ligand  0.00      4ivb_85  0.23     4ivb_253  0.22
149  4ivd     4ivd_886  1.57  4ivd_ligand  0.00      4ivd_12  0.90
150  4ivc     4ivc_864  1.36     4ivc_232  0.28     4ivc_723  0.91
151  4f09  4f09_ligand  0.00     4f09_903  0.51     4f09_919  0.62
152  4gfm  4gfm_ligand  0.00     4gfm_225  0.43     4gfm_373  6.06
153  4hge  4hge_ligand  0.00     4hge_310  0.41     4hge_231  0.39
154  4e6q  4e6q_ligand  0.00     4e6q_120  0.39      4e6q_85  0.49
155  4jia  4jia_ligand  0.00      4jia_60  0.65      4jia_66  0.82
156  2brb     2brb_318  0.71  2brb_ligand  0.00     2brb_302  0.71
157  2br1  2br1_ligand  0.00     2br1_315  0.70     2br1_375  0.91
158  3jvr     3jvr_893  0.68  3jvr_ligand  0.00     3jvr_884  0.88
159  3jvs  3jvs_ligand  0.00     3jvs_868  9.99     3jvs_253  2.63
160  1nvq  1nvq_ligand  0.00     1nvq_940  0.24     1nvq_710  0.21
161  3acw  3acw_ligand  0.00     3acw_809  0.58     3acw_905  0.73
162  4ea2  4ea2_ligand  0.00     4ea2_722  1.99      4ea2_25  1.81
163  2zcr      2zcr_75  0.70     2zcr_358  2.06     2zcr_351  0.85
164  2zy1  2zy1_ligand  0.00     2zy1_335  3.48     2zy1_396  1.90
165  2zcq     2zcq_369  0.97  2zcq_ligand  0.00      2zcq_27  0.94
166  1bcu     1bcu_309  0.36     1bcu_362  0.59     1bcu_334  0.63
167  3bv9  3bv9_ligand  0.00     3bv9_345  1.52     3bv9_332  2.72
168  1oyt  1oyt_ligand  0.00      1oyt_59  0.51      1oyt_64  0.53
169  2zda       2zda_2  0.98  2zda_ligand  0.00      2zda_29  0.62
170  3utu     3utu_374  0.45  3utu_ligand  0.00     3utu_283  0.92
171  3u9q      3u9q_22  5.57     3u9q_355  5.57  3u9q_ligand  0.00
172  2yfe      2yfe_53  0.73  2yfe_ligand  0.00      2yfe_81  0.72
173  3fur     3fur_342  0.61  3fur_ligand  0.00     3fur_323  0.53
174  3b1m     3b1m_221  0.81  3b1m_ligand  0.00     3b1m_273  0.58
175  2p4y      2p4y_74  0.95  2p4y_ligand  0.00      2p4y_77  0.45
176  3uo4     3uo4_388  0.96  3uo4_ligand  0.00     3uo4_282  0.71
177  3up2  3up2_ligand  0.00      3up2_40  0.30     3up2_334  0.54
178  3e5a     3e5a_362  0.75      3e5a_49  0.94     3e5a_345  1.48
179  2wtv     2wtv_118  0.52     2wtv_320  0.40  2wtv_ligand  0.00
180  3myg     3myg_333  0.91     3myg_225  1.29     3myg_900  1.66
181  3kgp      3kgp_31  1.00     3kgp_757  1.03      3kgp_20  0.99
182  1c5z  1c5z_ligand  0.00       1c5z_8  0.45       1c5z_3  0.40
183  1o5b     1o5b_396  0.56  1o5b_ligand  0.00     1o5b_329  0.60
184  1owh     1owh_307  0.53  1owh_ligand  0.00     1owh_391  0.26
185  1sqa     1sqa_322  0.79     1sqa_366  0.83     1sqa_357  0.62
186  4jsz     4jsz_262  2.33     4jsz_672  2.00     4jsz_215  1.73
187  3kwa     3kwa_833  2.71     3kwa_876  3.50     3kwa_852  2.92
188  2weg     2weg_390  3.09     2weg_301  3.26     2weg_371  1.00
189  3ryj     3ryj_358  0.90     3ryj_344  3.20     3ryj_296  0.52
190  3dd0  3dd0_ligand  0.00     3dd0_238  0.96      3dd0_43  1.03
191  2xdl     2xdl_396  0.38  2xdl_ligand  0.00     2xdl_329  0.43
192  3b27  3b27_ligand  0.00      3b27_83  0.68     3b27_366  0.38
193  1yc1  1yc1_ligand  0.00       1yc1_5  1.17     1yc1_159  0.31
194  3rlr  3rlr_ligand  0.00     3rlr_398  0.42     3rlr_167  0.49
195  2yki  2yki_ligand  0.00     2yki_363  0.28     2yki_239  0.64
196  1z95  1z95_ligand  0.00     1z95_303  0.38     1z95_337  0.51
197  3b68     3b68_304  0.87  3b68_ligand  0.00     3b68_884  2.09
198  3b5r     3b5r_317  0.60     3b5r_354  0.53  3b5r_ligand  0.00
199  3b65  3b65_ligand  0.00      3b65_96  0.33     3b65_367  0.45
200  3g0w     3g0w_791  0.43     3g0w_241  0.26  3g0w_ligand  0.00
201  4u4s  4u4s_ligand  0.00     4u4s_293  1.16      4u4s_71  0.37
202  1p1q     1p1q_394  0.86     1p1q_357  0.60     1p1q_975  2.76
203  1syi     1syi_353  0.21  1syi_ligand  0.00     1syi_234  0.38
204  1p1n     1p1n_712  0.93      1p1n_78  0.99       1p1n_9  1.03
205  2al5     2al5_323  0.23  2al5_ligand  0.00      2al5_26  1.98
206  3g2z     3g2z_490  4.49    3g2z_1003  1.70     3g2z_332  5.73
207  3g31  3g31_ligand  0.00     3g31_210  3.40     3g31_339  2.48
208  4de2  4de2_ligand  0.00     4de2_333  0.43     4de2_381  2.89
209  4de3  4de3_ligand  0.00     4de3_375  0.40     4de3_358  0.53
210  4de1  4de1_ligand  0.00     4de1_190  0.24     4de1_366  0.56
211  1vso     1vso_358  1.65     1vso_978  1.35     1vso_115  0.67
212  4dld     4dld_211  0.34  4dld_ligand  0.00     4dld_314  5.60
213  3gbb  3gbb_ligand  0.00     3gbb_317  0.43     3gbb_304  0.70
214  3fv2  3fv2_ligand  0.00     3fv2_172  0.12     3fv2_177  0.59
215  3fv1     3fv1_191  0.16     3fv1_115  0.22  3fv1_ligand  0.00
216  4mgd  4mgd_ligand  0.00      4mgd_96  0.52     4mgd_283  0.86
217  2qe4     2qe4_309  0.49  2qe4_ligand  0.00     2qe4_165  0.64
218  1qkt     1qkt_977  1.03     1qkt_714  0.57     1qkt_718  0.58
219  2pog  2pog_ligand  0.00     2pog_967  0.44     2pog_731  0.65
220  2p15  2p15_ligand  0.00     2p15_331  0.27      2p15_87  0.41
221  2y5h     2y5h_391  0.32  2y5h_ligand  0.00     2y5h_389  0.44
222  1lpg  1lpg_ligand  0.00     1lpg_751  6.00      1lpg_75  7.46
223  2xbv     2xbv_317  0.69  2xbv_ligand  0.00     2xbv_199  0.90
224  1z6e  1z6e_ligand  0.00     1z6e_350  0.85     1z6e_371  0.99
225  1mq6  1mq6_ligand  0.00     1mq6_129  0.70     1mq6_798  0.76
226  1nc3     1nc3_895  0.50  1nc3_ligand  0.00     1nc3_178  0.51
227  1nc1     1nc1_739  0.59     1nc1_865  0.57     1nc1_853  0.71
228  1y6r  1y6r_ligand  0.00     1y6r_947  0.54     1y6r_925  0.88
229  4f2w  4f2w_ligand  0.00     4f2w_917  0.41     4f2w_907  0.44
230  4f3c  4f3c_ligand  0.00     4f3c_382  0.60     4f3c_755  0.32
231  1uto     1uto_834  0.67     1uto_965  0.68     1uto_972  0.70
232  4abg  4abg_ligand  0.00     4abg_824  0.96     4abg_814  1.00
233  3gy4     3gy4_184  0.34  3gy4_ligand  0.00      3gy4_39  0.50
234  1k1i      1k1i_69  2.69     1k1i_171  1.65      1k1i_71  1.97
235  1o3f     1o3f_372  0.49     1o3f_931  0.83  1o3f_ligand  0.00
236  2yge  2yge_ligand  0.00     2yge_267  0.62      2yge_74  0.68
237  2fxs      2fxs_67  0.63     2fxs_336  0.76     2fxs_345  0.67
238  2iwx     2iwx_351  0.33     2iwx_534  0.97  2iwx_ligand  0.00
239  2wer     2wer_390  0.41     2wer_345  0.69      2wer_73  0.27
240  2vw5  2vw5_ligand  0.00      2vw5_22  0.30     2vw5_154  0.37
241  4kzq  4kzq_ligand  0.00       4kzq_5  0.66      4kzq_14  0.45
242  4kzu  4kzu_ligand  0.00     4kzu_206  0.45     4kzu_256  0.53
243  4j21     4j21_352  0.28      4j21_30  0.28  4j21_ligand  0.00
244  4j3l  4j3l_ligand  0.00     4j3l_352  1.23     4j3l_348  1.67
245  3kr8  3kr8_ligand  0.00     3kr8_785  0.68     3kr8_884  0.56
246  2ymd       2ymd_3  0.40  2ymd_ligand  0.00     2ymd_229  0.42
247  2wnc     2wnc_891  0.32     2wnc_702  0.51  2wnc_ligand  0.00
248  2xys     2xys_398  0.44  2xys_ligand  0.00     2xys_826  3.06
249  2wn9  2wn9_ligand  0.00     2wn9_749  7.64     2wn9_333  0.73
250  2x00  2x00_ligand  0.00     2x00_335  0.56     2x00_701  0.97
251  3ozt  3ozt_ligand  0.00      3ozt_70  0.26     3ozt_387  0.62
252  3ozs  3ozs_ligand  0.00     3ozs_373  0.87      3ozs_72  2.35
253  3oe5  3oe5_ligand  0.00     3oe5_352  0.82     3oe5_261  0.70
254  3oe4  3oe4_ligand  0.00      3oe4_70  0.87     3oe4_292  0.34
255  3nw9     3nw9_951  0.65      3nw9_70  0.54  3nw9_ligand  0.00
256  3ao4  3ao4_ligand  0.00     3ao4_787  1.52     3ao4_281  0.56
257  3zt2       3zt2_5  0.39  3zt2_ligand  0.00       3zt2_8  0.49
258  3zsx  3zsx_ligand  0.00     3zsx_345  4.81     3zsx_379  3.95
259  4cig  4cig_ligand  0.00      4cig_22  8.31      4cig_18  6.21
260  3zso  3zso_ligand  0.00     3zso_899  1.99     3zso_394  5.38
261  3n7a     3n7a_831  0.47     3n7a_955  0.21  3n7a_ligand  0.00
262  4ciw     4ciw_267  0.46     4ciw_947  1.11     4ciw_280  0.62
263  3n86  3n86_ligand  0.00      3n86_99  0.22     3n86_859  0.31
264  3n76     3n76_261  0.73  3n76_ligand  0.00     3n76_279  0.77
265  2xb8  2xb8_ligand  0.00      2xb8_28  0.66     2xb8_285  0.46
266  4bkt  4bkt_ligand  0.00     4bkt_140  0.39      4bkt_62  0.57
267  4w9c  4w9c_ligand  0.00     4w9c_925  1.15     4w9c_732  0.88
268  4w9l  4w9l_ligand  0.00     4w9l_715  1.41     4w9l_368  0.71
269  4w9i  4w9i_ligand  0.00     4w9i_801  0.51     4w9i_795  0.74
270  4w9h  4w9h_ligand  0.00     4w9h_709  0.37     4w9h_710  0.78
271  3nq9      3nq9_35  1.54      3nq9_83  4.61     3nq9_553  3.95
272  3ueu      3ueu_91  0.93  3ueu_ligand  0.00       3ueu_8  1.17
273  3uev  3uev_ligand  0.00     3uev_249  2.63      3uev_62  2.82
274  3uew  3uew_ligand  0.00      3uew_65  1.64     3uew_352  1.56
275  3uex     3uex_276  0.64     3uex_255  4.27      3uex_98  0.99
276  3lka  3lka_ligand  0.00     3lka_319  4.87      3lka_24  5.36
277  3ehy  3ehy_ligand  0.00     3ehy_395  0.82     3ehy_376  0.97
278  3tsk  3tsk_ligand  0.00     3tsk_358  1.75     3tsk_381  2.08
279  3nx7  3nx7_ligand  0.00     3nx7_383  0.71      3nx7_36  0.73
280  4gr0  4gr0_ligand  0.00     4gr0_341  1.10     4gr0_709  0.89
281  3dxg  3dxg_ligand  0.00    3dxg_1002  1.70     3dxg_833  6.97
282  3d6q     3d6q_810  4.63     3d6q_738  4.84     3d6q_809  7.19
283  1w4o     1w4o_376  0.67  1w4o_ligand  0.00     1w4o_313  0.81
284  1o0h  1o0h_ligand  0.00     1o0h_284  0.39      1o0h_78  0.60
285  1u1b  1u1b_ligand  0.00     1u1b_195  4.29     1u1b_340  7.28

Summary of the docking power: ========================================
Among the top1 binding pose ranked by the given scoring function:
Number of correct binding poses = 264, success rate = 92.6%
Among the top2 binding pose ranked by the given scoring function:
Number of correct binding poses = 275, success rate = 96.5%
Among the top3 binding pose ranked by the given scoring function:
Number of correct binding poses = 277, success rate = 97.2%
Spearman correlation coefficient in rmsd range [0-2]: 0.605
Spearman correlation coefficient in rmsd range [0-3]: 0.615
Spearman correlation coefficient in rmsd range [0-4]: 0.578
Spearman correlation coefficient in rmsd range [0-5]: 0.536
Spearman correlation coefficient in rmsd range [0-6]: 0.494
Spearman correlation coefficient in rmsd range [0-7]: 0.450
Spearman correlation coefficient in rmsd range [0-8]: 0.417
Spearman correlation coefficient in rmsd range [0-9]: 0.387
Spearman correlation coefficient in rmsd range [0-10]: 0.360
======================================================================


Template command for running the bootstrap in R program===============

rm(list=ls());
require(boot);
data_all<-read.table("./Results/CASF2016_Docking_Energy30RMSD2.5/DockingPower_Top1.results",header=TRUE);
data<-as.matrix(data_all[,2]);
mymean<-function(x,indices) sum(x[indices])/285;
data.boot<-boot(aa,mymean,R=10000,stype="i",sim="ordinary");
sink("./Results/CASF2016_Docking_Energy30RMSD2.5/DockingPower_Top1-ci.results");
a<-boot.ci(data.boot,conf=0.9,type=c("bca"));
print(a);
sink();

========================================================================

