   Target     1     2     3     4     5     6     7     8     9    10    11  \
1    5c2h  1o3f  4jia  4dli  3rsx  3arp  1bcu  2ymd  4de1  3uo4  1owh  3e93   
2    3uri  1eby  3uri  1lpg  3ui7  2v00  4tmn  5a7b  3ag9  1h23  1o5b  5c2h   
3    4rfm  3b27  3dd0  3b65  3rr4  3rsx  2ymd  3tsk  1o5b  3ary  5c28  1bcu   
4    4ty7  4ty7  4cra  3bv9  4gr0  4qd6  1sqa  4x6p  1o3f  3tsk  1u1b  3zso   
5    4agq  1z95  3jya  3arp  3ary  3k5v  5c2h  3gy4  5c28  4w9l  4cr9  4pcs   
6    5dwr  4gfm  4de2  4ty7  3fur  3jya  3u8n  3b65  3rlr  3arp  4m0z  2r9w   
7    4twp  3tsk  3ary  1lpg  3dd0  4owm  3ryj  3g2z  4twp  1c5z  4jxs  3nw9   
8    3u8n  3b27  3u8n  2ymd  3u8k  3ary  3udh  3f3c  1uto  1h22  5c28  4cr9   
9    3o9i  3ag9  2vkm  3zsx  3tsk  1lpg  3utu  3uri  2qe4  4agq  2qbr  3prs   
10   3p5o  3dd0  4ogj  1lpg  3rsx  4cig  3e92  3myg  3uo4  3d6q  1yc1  4twp   
11   3ejr  3pww  4f09  4e6q  1q8t  4ih5  2v00  4m0y  1u1b  4de1  1p1q  4k77   
12   3ebp  3rsx  1pxn  3f3a  4dli  2brb  3tsk  4qac  4eor  4gfm  2zb1  3bgz   
13   2vvn  2v00  4de1  1h22  1lpg  4de3  3f3d  1uto  2yki  3arp  4dli  2j7h   
14   3arp  3arv  4k18  3arp  4twp  1lpg  4cig  3k5v  4cra  3prs  2c3i  3nw9   
15   3gnw  3prs  3ag9  3bv9  4gid  2vkm  4w9h  1eby  3uri  4crc  4tmn  1h22   
16   1e66  3jya  3rsx  1e66  1ydt  4dli  3arp  3ary  1bcu  4cr9  1s38  3b27   
17   3f3e  3f3d  3f3e  3n7a  1c5z  3nq9  3dx1  2j7h  1uto  2wvt  2cbv  3twp   
18   2cet  3o9i  1lpg  3n86  1z9g  2wbg  2x00  4twp  1eby  4cig  1e66  1sqa   
19   4gid  1eby  3wz8  1h23  1h22  3arq  3utu  3bv9  3arp  3pww  4gid  4w9l   
20   4pcs  3uo4  1pxn  1o3f  3dxg  1eby  4gr0  3ozt  2wn9  3ag9  3b65  4eor   
21   3ge7  3ge7  3ag9  1r5y  3uri  3arp  3nw9  2v00  3o9i  4m0z  3oe5  1h23   
22   3e93  3ebp  3arp  3e93  1qf1  5a7b  2zb1  4cig  2wca  3jya  4dli  1bzc   
23   3qqs  3zso  4cra  4ea2  1h23  2wca  3b1m  1qf1  3arp  3tsk  3n76  3utu   
24   2r9w  3ag9  3uex  1h23  2vkm  3zso  3bv9  4cig  4f3c  3uri  4w9h  2zcr   
25   2qbp  3tsk  3uri  3arp  2qbq  3uex  3f3a  3uev  4qac  3uew  3zsx  1h23   
26   3ag9  2yki  2br1  3arp  4cig  3arv  4dli  3dd0  2zda  4e5w  4gr0  2vkm   
27   4tmn  1eby  3pww  3qgy  3ag9  3o9i  4pcs  4gr0  3arp  5tmn  4qd6  4tmn   
28   3coy  5a7b  4ea2  3uew  3wz8  4tmn  1h22  4cig  3zsx  3o9i  4cra  4gr0   
29   2fvd  3tsk  2brb  4f09  1h23  3qgy  4j21  3ary  1pxn  3uri  1eby  4cra   
30   4ivc  4ty7  3arp  4ivd  1o5b  1h23  1h22  3rlr  3tsk  4f09  4agq  1z6e   
31   4jia  3k5v  3arv  3qgy  4gr0  2cet  4m0y  2zda  4de3  2v7a  4f9w  3e93   
32   1nvq  3qgy  3rsx  3uo4  4ty7  3up2  3arp  4cra  3jvs  3aru  4m0y  4wiv   
33   2zcq  1h23  3tsk  1owh  4agq  2vkm  3pww  3b1m  2zy1  3nw9  3n86  3rsx   
34   3utu  1s38  1qf1  1c5z  3gy4  1r5y  1u1b  1z9g  3p5o  3ag9  4cig  3uo4   
35   2p4y  2p4y  4agq  3wz8  4cig  5a7b  4eor  1sqa  3arp  4cra  3b68  4k18   
36   3myg  2wnc  3rsx  3qgy  3jya  3b5r  3b65  1o3f  3arp  3tsk  4qac  1nc1   
37   1sqa  1sqa  3gy4  1u1b  3ag9  1lpg  4tmn  4cig  4cra  1c5z  3ozt  1owh   
38   3dd0  3nw9  3pww  3rsx  3bv9  1eby  3e5a  2zda  1lpg  2r9w  4gfm  4cra   
39   2yki  1k1i  3rsx  2qbr  4gfm  3k5v  4j21  3dd0  3ary  3mss  3pxf  3wtj   
40   3g0w  3g0w  4kzu  3f3c  3rsx  4gfm  4kzq  3ary  4m0y  3mss  3jya  4j21   
41   2al5  3f3c  1uto  2al5  3f3d  1c5z  1p1q  3kgp  3f3e  2weg  3lka  4jsz   
42   4de1  3tsk  3nw9  2r9w  3uew  3uex  5tmn  1oyt  3ag9  4ea2  1a30  4gr0   
43   3fv1  3f3a  3f3c  2al5  1uto  2ymd  1p1q  3f3e  3gbb  3f3d  2j7h  3kgp   
44   2p15  2p15  3b5r  1e66  4kzq  3ivg  3b65  4mgd  1qkt  4f3c  2pog  3rsx   
45   1mq6  3gy4  2zy1  4dli  3oe5  4abg  1c5z  3arp  3uuo  1sqa  4de1  4wiv   
46   4f3c  3coz  5c28  3tsk  1nc3  1y6r  1c5z  3kwa  4ea2  3n86  3jvr  3uex   
47   1o3f  1sqa  1c5z  1k1i  3gy4  1o3f  4dli  1owh  3coy  1r5y  4j21  4abg   
48   2vw5  3ag9  2p4y  3zso  3bv9  3arp  4de3  1g2k  4x6p  3k5v  3pww  1ydt   
49   3kr8  3kr8  3qgy  3jya  3uex  3f3c  5c2h  3ryj  1bcu  4kzq  3f3a  3b68   
50   2x00  2v00  3rsx  3ag9  3jvs  2qbq  1eby  4f09  4dli  3mss  2brb  4m0z   
51   3nw9  3ozt  3ozs  2v7a  3ivg  4ogj  1z9g  3coz  4eky  1eby  3uri  4twp   
52   3zso  5tmn  3pyy  3jvr  2yfe  3ozt  3ag9  1eby  3tsk  4dli  5c2h  3jvs   
53   2xb8  2xb8  3u8n  3dd0  3u9q  3g2n  3uex  3b65  3tsk  3arp  2wbg  4ciw   
54   4w9h  3jvr  4w9l  1h23  3nw9  4cra  3g2n  4de3  3uuo  4dli  4k18  3acw   
55   3uex  3jvr  2qbr  3ary  3zso  3tsk  3rsx  3nw9  4agp  1uto  3f3d  4ea2   
56   4gr0  3mss  3tsk  2xnb  3zso  4j21  4eky  4w9l  3rsx  4kzq  2zda  3uex   
57   1u1b  3zso  4cra  3tsk  4w9c  4dld  3ag9  5tmn  3bv9  4w9l  3o9i  2xb8   

      12    13    14    15    16    17    18    19    20    21    22    23  \
1   4cr9  3aru  2vkm  3zso  4agq  3gy4  4x6p  4wiv  3rr4  4de2  2c3i  1sqa   
2   3ao4  1h22  3kwa  3ge7  3k5v  4f3c  3pww  4jxs  3zsx  3gc5  3rr4  4de1   
3   3lka  3jvs  1r5y  4ty7  2weg  3f3a  4twp  4cr9  2v00  3gy4  3myg  1o3f   
4   3kgp  3ag9  3b1m  2fvd  2zda  2wca  3arp  2xii  3o9i  1vso  3wz8  2xb8   
5   1r5y  4llx  3ivg  3jvr  3f3a  3nw9  3oe4  4de3  1owh  4twp  4agq  4j21   
6   5c2h  1ydt  3ivg  4e6q  4jia  3prs  1sqa  3uri  1e66  1lpg  4de3  1o3f   
7   3g2n  3f3a  3prs  3n86  3b27  1h23  3lka  1uto  2vkm  4k77  3oe5  3rsx   
8   3gv9  3kgp  3dd0  1h23  3uo4  3jya  1o5b  3k5v  1s38  4lzs  4de2  3arp   
9   3arp  3wz8  3k5v  1qf1  3b5r  2pog  1z6e  1eby  4dli  1h23  3ejr  2fxs   
10  2qbp  3k5v  3ary  4f9w  3ivg  3zsx  3wz8  3nw9  4cra  1r5y  3p5o  5tmn   
11  4ivd  4ivc  3arq  1bcu  3n86  4cr9  4x6p  3rsx  3ag9  1nc3  3fcq  4ih7   
12  5c2h  1o3f  3nw9  3uo4  3ao4  4wiv  4de3  3pyy  4ivd  2v00  4k18  4cra   
13  3udh  1z9g  2xii  3ary  2yge  3uev  4kz6  3gv9  4cra  4de2  3ivg  1c5z   
14  1pxn  2brb  1ydt  4ih7  3uo4  4jia  3tsk  4gkm  2wca  4djv  3pyy  2zb1   
15  5a7b  1h23  4qac  4agp  3arq  3fv2  3zso  1g2k  3uex  4x6p  3wz8  1k1i   
16  1h22  2v00  3f3a  3rlr  2ymd  3ivg  1r5y  4mme  3gy4  3qqs  4owm  1c5z   
17  4owm  4jsz  4llx  1p1q  2j78  2weg  3gy4  3dx2  1owh  3kgp  3gv9  3u9q   
18  3f3e  1k1i  4mme  1qf1  4cra  3ag9  2j7h  3uew  3uex  1nc3  3f3a  4ciw   
19  3ag9  4tmn  3prs  1o5b  3f3c  3f3a  4ty7  4agp  1g2k  3n86  5tmn  4cig   
20  1u1b  4dli  3n7a  1h23  2xii  1sqa  4de1  4kzu  2vkm  3e93  1bzc  4hge   
21  4k77  4eor  2xii  3pww  4cig  3ozs  1mq6  3gy4  3arv  4gid  3gv9  1o3f   
22  1ydt  3n86  4de3  3uew  2zcq  4pcs  3jvr  4tmn  3e92  4eor  3zsx  3ag9   
23  3pyy  5tmn  3uex  1o3f  3nw9  1sqa  1z9g  3zt2  2qbp  3uo4  3o9i  1eby   
24  3prs  3uew  1g2k  4agq  1eby  5tmn  3arp  2zb1  3uev  4gid  2zy1  3pww   
25  4eor  3ehy  1bzc  3jya  2qbr  4ea2  4kzq  5tmn  3up2  3uo4  2wbg  1qf1   
26  3o9i  4de1  4w9i  4w9h  4twp  4ddh  2zb1  2xii  1lpg  4tmn  1owh  3ivg   
27  2vkm  3mss  1h23  3b5r  3zso  4ea2  3dx2  1a30  4x6p  3tsk  2v00  3wz8   
28  2zda  3tsk  3arp  3utu  1lpg  3zso  2qe4  3uex  3uev  1a30  2vkm  3oe4   
29  3arp  4m0y  4ivd  3arv  2yfe  4rfm  3uex  2zda  3rsx  4ddh  3uo4  3zsx   
30  3o9i  4ivb  2zb1  3zso  4e6q  1yc1  4hge  4crc  4cig  4qd6  4x6p  3coz   
31  3ebp  2ymd  3nw9  3uo4  4j21  4e6q  3rsx  1eby  3up2  3tsk  4jia  1z95   
32  3dd0  3pww  1mq6  1nvq  2brb  4dli  4de1  1eby  2zb1  4e6q  1owh  4w9l   
33  4ivb  5tmn  3ag9  1qf1  3uex  3acw  3jvr  4m0y  2zcr  3pxf  4gr0  2zcq   
34  1yc1  4cra  2vkm  1bcu  4x6p  1nc1  1eby  2v7a  1pxn  3uri  1uto  3arp   
35  2wn9  1qf1  2c3i  3bgz  3zsx  2qbp  3e92  3b1m  3ozt  4dli  3prs  4twp   
36  1pxn  1sqa  3nw9  4de2  1o5b  3kr8  4gfm  4ty7  4m0z  2qbr  4m0y  1ydt   
37  1o3f  3rsx  3pww  3bv9  4gr0  5a7b  2vkm  3uri  3arq  2zcq  3utu  4f3c   
38  3zsx  1k1i  3jvs  4ty7  4w9h  3d6q  1g2k  3o9i  3gnw  2c3i  2v7a  3f3a   
39  1lpg  1z9g  3jya  1ydt  4cr9  3ivg  5a7b  3b65  5c28  1o5b  1pxn  3arp   
40  2v00  3qqs  4lzs  4gkm  1bcu  3f3a  3kgp  4ih5  1z9g  1nc1  3b27  3u8k   
41  3f3a  3g2z  3gy4  1r5y  3nq9  2j7h  5c28  3dx2  3gv9  2j78  2ymd  3r88   
42  3uev  1h23  4jfs  2qbq  3uri  2vkm  3mss  3prs  2wvt  2p15  3bv9  4w9l   
43  3fv1  1ps3  4llx  3u9q  3gy4  3fv2  3n7a  4owm  4ddk  2hb1  3fcq  3dxg   
44  2r9w  3mss  2zb1  4gfm  3ary  3g2n  1qf1  4gkm  4twp  4mme  4j28  4dli   
45  3coy  3u5j  4twp  2xb8  3zsx  3k5v  4cra  4ivc  1z6e  3b65  1e66  1u1b   
46  3ary  4twp  4agp  4kz6  1nc1  3dd0  3zso  3ueu  3ryj  3syr  5tmn  4gr0   
47  3jvs  2vkm  3arp  3kgp  2zda  3utu  3ag9  4cra  1lpg  4de1  4cr9  3acw   
48  1h23  3tsk  2zcq  2vw5  2zy1  2cet  4djv  2br1  3fv1  3g2n  3uo4  4gr0   
49  1c5z  1pxn  3jvr  3b27  4j28  4k77  3ehy  5c28  3gy4  1o5b  4de3  5tmn   
50  3arp  4j3l  3uri  4j21  3b27  4cra  4gr0  2qnq  2c3i  2qbp  3u8k  4eor   
51  1u1b  5c2h  4jxs  1g2k  1c5z  3utu  3f3c  3dxg  1pxn  3dd0  2qbr  3e93   
52  3arp  3zt2  3k5v  3nw9  4agq  4tmn  1a30  1lpg  2zda  2yki  3zso  3n76   
53  1a30  1ydt  3n86  4jfs  3jvs  3uev  3syr  4kzq  2hb1  5c2h  3kr8  2qbr   
54  3ary  3gy4  4j28  3qgy  2c3i  4twp  5c2h  3o9i  3zsx  4x6p  4de1  3b27   
55  3nq9  4gid  1qf1  3wz8  3ueu  1ydt  3dd0  3n86  4j21  2zda  1z9g  4de3   
56  1bcu  2r9w  3dd0  1ydt  4ddh  3kr8  4kzu  1uto  3uri  3gy4  3f3a  3n86   
57  1eby  2vkm  3zsx  4agp  1z9g  3arp  3mss  4gr0  3b1m  4ogj  4dli  3b68   

      24    25    26    27    28    29  
1   4w9h  3rlr  4gkm  1pxn  3e92  3dd0  
2   2j7h  1u1b  2zcq  2vkm  5c28  4ih5  
3   3prs  3ao4  3f3c  4owm  4de3  3e93  
4   2qnq  1c5z  3uri  1owh  3oe4  4j21  
5   3pww  3tsk  3pxf  1h22  1yc1  4m0y  
6   3u8k  3pxf  4twp  3wz8  3ui7  3tsk  
7   4crc  3ao4  2v00  4llx  3gy4  2qbp  
8   3f3d  5c2h  1c5z  5tmn  3kwa  3zsx  
9   2xii  3o9i  2p15  2r9w  4cra  3uex  
10  3b65  3mss  3b27  2v00  1pxn  3qqs  
11  3coy  1c5z  4e5w  4j28  3o9i  1o0h  
12  3k5v  4de1  3utu  3b27  3qqs  1h22  
13  3b1m  4cig  2wbg  2wtv  3uex  3gy4  
14  1o3f  3ivg  2r9w  3wz8  3jvr  3rsx  
15  4wiv  3ozt  4w9l  3e5a  3pww  4ty7  
16  5c28  4ih5  4eor  1o5b  4llx  3lka  
17  1q8t  3gr2  4ciw  4ddk  1o3f  2hb1  
18  1h22  3ozt  4m0z  1yc1  2yki  4e6q  
19  3kwa  3uri  3zso  3rsx  3gy4  3ejr  
20  5tmn  2qe4  3n86  4jia  3rsx  4ty7  
21  1z95  4ih5  4gr0  3e92  2vkm  4de1  
22  2weg  4gkm  3g2n  2zy1  3tsk  1eby  
23  3qqs  3n86  4jfs  3oe5  3mss  5a7b  
24  3zsx  1h22  2xb8  1a30  3utu  2wca  
25  2wca  4de2  1owh  3b5r  4ih5  1eby  
26  3ary  3ag9  3f3c  3f3a  5c2h  3nw9  
27  3prs  1u1b  1h22  4crc  3uo4  3uri  
28  1eby  1qf1  5tmn  3jvr  1h23  4qd6  
29  3utu  4ty7  1o3f  4eky  1sqa  2br1  
30  4gid  4wiv  4ivc  4cr9  4dli  3oe5  
31  4agq  1owh  1nvq  3ao4  3prs  4m0z  
32  4twp  1bcu  3ary  4gkm  3ao4  4gfm  
33  2brb  4f2w  3o9i  2fxs  4dli  1eby  
34  3b5r  2v00  3o9i  3oe5  2zb1  4djv  
35  3qgy  1h23  1bzc  1k1i  2r9w  4mme  
36  1mq6  3k5v  4wiv  1bcu  3ao4  4tmn  
37  3o9i  3tsk  1k1i  3arp  1qf1  2yfe  
38  2zy1  3tsk  1uto  3arp  3g2n  2xbv  
39  3e92  4j3l  3ebp  3tsk  4de3  4m0y  
40  2weg  1q8t  4owm  3lka  4jxs  3zt2  
41  4ddh  4ddk  3dx1  2wvt  3twp  4ciw  
42  3ary  4cig  4jxs  3dxg  3b1m  3n86  
43  3d4z  3g2z  1c5z  3nq9  1s38  3qqs  
44  3uex  4f2w  2cet  4ih7  3u5j  4j21  
45  1bcu  3ag9  3wz8  1o3f  2yki  2wca  
46  3nw9  4f3c  5a7b  3g2n  2xnb  1h22  
47  3ivg  4crc  5c2h  5c28  3rsx  1oyt  
48  3nx7  2yge  3mss  3zsx  3rr4  4gid  
49  2v00  1r5y  3wz8  2qbp  2vkm  4pcs  
50  3n86  4de3  3u8n  3e5a  3k5v  1a30  
51  4cig  2v00  2yfe  1bcu  5tmn  1uto  
52  1qf1  1pxn  2xb8  3uev  3ivg  3b5r  
53  3nx7  3uew  4ea2  1h23  3ehy  2vvn  
54  4j21  2zy1  4cr9  3n86  1z95  2fxs  
55  3b5r  3gy4  3ivg  3uev  3jya  2vkm  
56  3ivg  3b68  1c5z  2zcr  3rr4  3f3c  
57  1o3f  3oe4  3arq  3up2  4eor  3ivg  

Summary of the forward screening power: =========================================================
Average enrichment factor among top 1% = 8.81
Average enrichment factor among top 5% = 4.27
Average enrichment factor among top 10% = 3.13
The best ligand is found among top 1% candidates for 15 cluster(s); success rate = 26.3%
The best ligand is found among top 5% candidates for 20 cluster(s); success rate = 35.1%
The best ligand is found among top 10% candidates for 31 cluster(s); success rate = 54.4%
================================================================================================

Template command for running the bootstrap in R program=========================================

rm(list=ls());
require(boot);
data_all<-read.table("./Results/CASF2016_Docking_Energy30RMSD2.5/ForwardScreeningPower_Top1.results",header=TRUE);
data<-as.matrix(data_all[,2]);
mymean<-function(x,indices) sum(x[indices])/57;
data.boot<-boot(aa,mymean,R=10000,stype="i",sim="ordinary");
sink("./Results/CASF2016_Docking_Energy30RMSD2.5/ForwardScreeningPower_Top1-ci.results");
a<-boot.ci(data.boot,conf=0.9,type=c("bca"));
print(a);
sink();

===============================================================================================

