   Target Rank1 Rank2 Rank3 Rank4 Rank5
1    5c2h  5c2h  3ui7  5c28  3uuo  4llx
2    3uri  3prs  3pww  3uri  3wz8  2v00
3    4rfm  3qgy  4rfm  4m0y  4m0z  4qd6
4    4ty7  4x6p  4crc  4ty7  4cra  4cr9
5    4agq  5a7b  4agq  4agp  5aba  4agn
6    5dwr  3jya  5dwr  2c3i  3bgz  4k18
7    4twp  2v7a  3k5v  3mss  3pyy  4twp
8    3u8n  4qac  3wtj  3u8n  3u8k  3zdg
9    3o9i  3o9i  1g2k  1eby  2qnq  1a30
10   3p5o  4wiv  4ogj  4lzs  3u5j  3p5o
11   3ejr  3d4z  3ejr  1ps3  3dx2  3dx1
12   3ebp  3syr  3g2n  4eky  3l7b  3ebp
13   2vvn  2xj7  2vvn  2w4x  2w66  2wca
14   3arp  3arp  3aru  3arq  3ary  3arv
15   3gnw  4eo8  3gnw  3cj4  4ih7  4ih5
16   1e66  1e66  1h23  1h22  1gpk  1gpn
17   3f3e  3f3d  3f3e  3f3c  4mme  3f3a
18   2cet  2wbg  2j7h  2cet  2j78  2cbv
19   4gid  4gid  2vkm  3udh  4djv  3rsx
20   4pcs  2xii  4pcs  2wvt  4jfs  4j28
21   3ge7  3ge7  3gc5  1s38  1r5y  3rr4
22   3e93  3e92  2zb1  4f9w  3e93  4dli
23   3qqs  3qqs  3r88  4gkm  4owm  3twp
24   2r9w  4jxs  4kz6  2r9w  3gv9  3gr2
25   2qbp  2qbr  2qbq  2qbp  2hb1  1bzc
26   3ag9  1ydt  3ag9  1q8t  1q8u  1ydr
27   4tmn  4tmn  1qf1  5tmn  1z9g  3fcq
28   3coy  3coy  4ddh  3ivg  3coz  4ddk
29   2fvd  1pxn  2xnb  4eor  2fvd  3pxf
30   4ivc  4ivd  4e5w  4ivb  4ivc  4k77
31   4jia  4hge  4e6q  4jia  4f09  4gfm
32   1nvq  1nvq  2br1  2brb  3jvr  3jvs
33   2zcq  2zy1  3acw  4ea2  2zcr  2zcq
34   3utu  3utu  1oyt  2zda  3bv9  1bcu
35   2p4y  3fur  2p4y  3b1m  2yfe  3u9q
36   3myg  2wtv  3up2  3uo4  3e5a  3myg
37   1sqa  1c5z  1owh  1sqa  1o5b  3kgp
38   3dd0  3dd0  3ryj  2weg  4jsz  3kwa
39   2yki  2yki  3rlr  3b27  1yc1  2xdl
40   3g0w  1z95  3g0w  3b68  3b65  3b5r
41   2al5  2al5  1p1n  1syi  1p1q  4u4s
42   4de1  4de2  4de3  4de1  3g31  3g2z
43   3fv1  3gbb  4dld  3fv2  3fv1  1vso
44   2p15  2p15  4mgd  2pog  2qe4  1qkt
45   1mq6  1mq6  1z6e  2xbv  2y5h  1lpg
46   4f3c  4f3c  4f2w  1y6r  1nc3  1nc1
47   1o3f  4abg  3gy4  1o3f  1k1i  1uto
48   2vw5  2vw5  2yge  2iwx  2wer  2fxs
49   3kr8  3kr8  4j21  4j3l  4kzu  4kzq
50   2x00  2x00  2wnc  2ymd  2wn9  2xys
51   3nw9  3oe5  3ozs  3ozt  3nw9  3oe4
52   3zso  3zso  3zsx  4cig  3zt2  3ao4
53   2xb8  3n86  2xb8  3n76  4ciw  3n7a
54   4w9h  4w9l  4w9h  4w9i  4w9c  4bkt
55   3uex  3uev  3uew  3ueu  3uex  3nq9
56   4gr0  4gr0  3tsk  3nx7  3ehy  3lka
57   1u1b  1u1b  1o0h  1w4o  3dxg  3d6q

Summary of the ranking power: ===========================================
The Spearman correlation coefficient (SP) = 0.470
The Kendall correlation coefficient (tau) = 0.389
The Predictive index (PI) = 0.481
=========================================================================


Template command for running the bootstrap in R program==================

rm(list=ls());
require(boot);
data_all<-read.table("./Results/CASF2016_Docking_Energy30RMSD2.5/RankingPower_Spearman.results",header=TRUE);
data<-as.matrix(data_all[,2]);
mymean<-function(x,indices) sum(x[indices])/57;
data.boot<-boot(aa,mymean,R=10000,stype="i",sim="ordinary");
sink("./Results/CASF2016_Docking_Energy30RMSD2.5/RankingPower_Spearman-ci.results");
a<-boot.ci(data.boot,conf=0.9,type=c("bca"));
print(a);
sink();

=========================================================================

