     code     Rank1 RMSD1     Rank2 RMSD2     Rank3 RMSD3
1    4llx  4llx_695  4.63  4llx_686  4.11  4llx_208  1.53
2    5c28    5c28_2  3.68    5c28_3  4.17  5c28_382  2.10
3    3uuo  3uuo_609  4.40  3uuo_757  4.77  3uuo_471  5.31
4    3ui7  3ui7_826  4.45  3ui7_797  4.11   3ui7_90  3.11
5    5c2h  5c2h_244  0.59  5c2h_247  0.94  5c2h_204  0.87
6    2v00  2v00_401  3.14  2v00_506  5.47  2v00_564  2.42
7    3wz8  3wz8_782  7.80  3wz8_546  3.94  3wz8_705  1.12
8    3pww  3pww_256  0.88  3pww_862  3.44  3pww_765  7.36
9    3prs  3prs_706  1.74  3prs_273  2.65  3prs_213  2.45
10   3uri  3uri_439  5.76  3uri_487  4.81  3uri_275  7.70
11   4m0z  4m0z_869  2.56  4m0z_779  3.11  4m0z_415  1.72
12   4m0y  4m0y_232  0.47  4m0y_839  1.07  4m0y_883  1.33
13   3qgy  3qgy_265  0.81  3qgy_404  3.43    3qgy_9  0.89
14   4qd6  4qd6_219  4.88  4qd6_265  4.88  4qd6_408  8.12
15   4rfm  4rfm_747  9.74  4rfm_729  1.43  4rfm_863  1.95
16   4cr9  4cr9_232  3.13  4cr9_280  3.48  4cr9_254  3.39
17   4cra  4cra_230  0.94  4cra_283  0.60  4cra_541  3.10
18   4x6p  4x6p_204  0.65  4x6p_889  0.85  4x6p_254  0.57
19   4crc  4crc_212  0.94  4crc_217  0.88  4crc_291  0.85
20   4ty7  4ty7_224  0.81  4ty7_264  0.87  4ty7_254  0.79
21   5aba  5aba_412  8.10  5aba_408  9.20  5aba_410  8.01
22   5a7b  5a7b_215  8.78  5a7b_281  9.14  5a7b_511  1.72
23   4agn  4agn_498  3.67  4agn_402  8.12  4agn_411  9.50
24   4agp  4agp_446  3.40  4agp_517  3.01  4agp_482  3.84
25   4agq  4agq_433  7.55  4agq_446  2.98  4agq_418  3.41
26   3bgz  3bgz_303  0.83   3bgz_97  0.23  3bgz_401  3.32
27   3jya  3jya_799  6.96  3jya_797  7.23  3jya_788  4.97
28   2c3i   2c3i_16  0.97  2c3i_720  1.18  2c3i_387  0.98
29   4k18  4k18_223  2.49  4k18_225  0.31  4k18_201  0.70
30   5dwr  5dwr_404  1.37  5dwr_297  1.01  5dwr_166  0.77
31   3mss  3mss_952  7.00  3mss_747  9.34  3mss_244  7.79
32   3k5v  3k5v_484  4.01  3k5v_740  7.69  3k5v_152  8.28
33   3pyy  3pyy_232  4.97  3pyy_422  1.60  3pyy_454  4.20
34   2v7a  2v7a_820  1.38  2v7a_886  2.01  2v7a_304  0.77
35   4twp  4twp_352  0.95  4twp_684  2.46  4twp_171  0.87
36   3wtj  3wtj_307  0.38  3wtj_134  1.05  3wtj_184  0.94
37   3zdg  3zdg_798  3.95  3zdg_237  1.73  3zdg_804  1.49
38   3u8k  3u8k_717  0.60  3u8k_362  0.52  3u8k_224  0.66
39   4qac  4qac_115  0.90  4qac_114  0.56  4qac_116  0.92
40   3u8n  3u8n_791  6.30  3u8n_704  3.20  3u8n_718  3.23
41   1a30   1a30_90  3.87  1a30_498  4.52  1a30_670  5.53
42   2qnq  2qnq_207  0.98  2qnq_274  1.24   2qnq_43  0.56
43   1g2k  1g2k_497  3.21  1g2k_458  5.04  1g2k_290  1.24
44   1eby  1eby_473  3.64  1eby_453  3.34  1eby_223  0.84
45   3o9i  3o9i_256  0.58  3o9i_222  0.93  3o9i_227  0.79
46   4lzs  4lzs_456  4.39  4lzs_446  4.91  4lzs_845  3.81
47   3u5j  3u5j_419  6.06  3u5j_491  4.95  3u5j_475  1.57
48   4wiv  4wiv_476  3.95  4wiv_414  7.30  4wiv_475  4.61
49   4ogj  4ogj_808  5.94  4ogj_263  9.23  4ogj_247  8.85
50   3p5o  3p5o_236  4.62  3p5o_471  5.05  3p5o_427  6.38
51   1ps3  1ps3_414  4.14  1ps3_778  3.10  1ps3_438  2.76
52   3dx1  3dx1_287  0.69  3dx1_464  2.70   3dx1_29  0.50
53   3d4z  3d4z_410  2.86  3d4z_797  1.99  3d4z_415  2.18
54   3dx2  3dx2_482  1.95  3dx2_736  1.24  3dx2_741  1.98
55   3ejr  3ejr_401  3.57  3ejr_758  4.27  3ejr_495  4.05
56   3l7b  3l7b_621  6.14  3l7b_685  9.14  3l7b_526  7.54
57   4eky  4eky_638  7.13  4eky_568  8.20  4eky_659  7.28
58   3g2n  3g2n_506  1.93  3g2n_546  2.93  3g2n_666  6.54
59   3syr  3syr_647  3.24  3syr_539  3.92  3syr_618  2.07
60   3ebp  3ebp_476  3.98  3ebp_433  2.24   3ebp_59  2.45
61   2w66  2w66_839  2.14  2w66_809  0.81  2w66_314  0.54
62   2w4x   2w4x_37  0.68  2w4x_718  0.98  2w4x_306  1.13
63   2wca   2wca_72  8.55    2wca_5  8.64   2wca_65  8.43
64   2xj7  2xj7_401  0.96  2xj7_407  1.70  2xj7_786  3.85
65   2vvn  2vvn_205  0.61  2vvn_845  1.96  2vvn_406  1.13
66   3aru  3aru_270  7.85  3aru_239  5.11  3aru_268  6.26
67   3arv  3arv_817  3.84  3arv_801  5.03  3arv_122  6.08
68   3ary  3ary_252  9.12  3ary_206  7.21  3ary_276  8.59
69   3arq  3arq_265  5.34  3arq_242  4.98  3arq_256  4.77
70   3arp  3arp_290  5.34   3arp_73  3.08  3arp_951  8.39
71   4ih5  4ih5_367  0.59  4ih5_587  0.95  4ih5_227  3.85
72   4ih7  4ih7_561  6.41  4ih7_822  6.19  4ih7_734  5.48
73   3cj4  3cj4_407  7.98  3cj4_532  7.11  3cj4_324  8.21
74   4eo8  4eo8_638  4.72  4eo8_283  0.69  4eo8_438  3.17
75   3gnw  3gnw_555  3.87  3gnw_226  9.99  3gnw_802  0.70
76   1gpk  1gpk_404  3.65  1gpk_494  3.88  1gpk_988  3.13
77   1gpn  1gpn_796  5.37  1gpn_779  2.88  1gpn_578  4.42
78   1h23  1h23_818  2.65  1h23_304  1.84  1h23_732  1.93
79   1h22  1h22_918  2.02  1h22_852  1.55  1h22_212  1.93
80   1e66  1e66_158  0.56  1e66_402  0.66  1e66_406  0.86
81   3f3a   3f3a_71  0.87  3f3a_278  0.57  3f3a_694  1.76
82   3f3c  3f3c_413  1.81  3f3c_496  0.98  3f3c_401  0.77
83   4mme  4mme_434  0.45  4mme_552  1.23  4mme_469  3.86
84   3f3d  3f3d_526  0.97  3f3d_529  1.41  3f3d_692  0.91
85   3f3e  3f3e_478  3.98  3f3e_511  1.22  3f3e_451  1.15
86   2wbg  2wbg_944  2.08   2wbg_15  0.77  2wbg_715  0.95
87   2cbv  2cbv_773  1.71   2cbv_62  0.42   2cbv_90  0.25
88   2j78  2j78_406  0.92   2j78_52  0.87   2j78_22  0.88
89   2j7h   2j7h_18  0.96  2j7h_211  0.49  2j7h_274  1.03
90   2cet  2cet_406  2.78  2cet_875  1.79  2cet_458  3.64
91   3udh  3udh_679  2.28  3udh_500  2.05   3udh_30  0.50
92   3rsx  3rsx_697  5.52  3rsx_218  5.75  3rsx_868  5.70
93   4djv  4djv_446  1.59  4djv_212  0.43  4djv_492  1.76
94   2vkm  2vkm_482  7.56  2vkm_929  2.80  2vkm_257  2.12
95   4gid  4gid_235  7.37  4gid_713  4.36  4gid_791  1.29
96   4jfs  4jfs_414  2.05  4jfs_413  2.36  4jfs_274  1.41
97   4j28  4j28_691  1.69  4j28_458  1.92  4j28_866  6.01
98   2wvt  2wvt_615  2.48  2wvt_404  1.28  2wvt_675  1.95
99   2xii   2xii_97  6.68  2xii_436  6.19  2xii_252  1.34
100  4pcs  4pcs_241  2.95  4pcs_274  3.03  4pcs_401  2.87
101  3rr4  3rr4_479  0.91   3rr4_85  0.27  3rr4_369  0.22
102  1s38  1s38_514  1.46  1s38_459  2.66  1s38_430  0.88
103  1r5y  1r5y_432  2.88  1r5y_425  1.37  1r5y_480  1.07
104  3gc5  3gc5_755  3.00  3gc5_492  3.33  3gc5_647  0.88
105  3ge7  3ge7_684  2.27   3ge7_24  0.78  3ge7_140  0.61
106  4dli  4dli_547  3.99  4dli_784  2.22  4dli_136  0.78
107  2zb1  2zb1_206  0.78  2zb1_203  0.78   2zb1_55  0.41
108  4f9w  4f9w_194  0.35  4f9w_283  0.55  4f9w_113  0.60
109  3e92   3e92_64  0.68  3e92_407  0.93   3e92_19  0.71
110  3e93    3e93_7  0.68  3e93_240  0.34   3e93_51  0.34
111  4owm  4owm_437  2.81  4owm_228  8.82  4owm_278  8.78
112  3twp   3twp_14  5.70  3twp_665  6.62   3twp_22  4.38
113  3r88  3r88_229  7.83  3r88_279  8.03  3r88_657  6.87
114  4gkm   4gkm_25  6.11   4gkm_68  5.84  4gkm_779  7.02
115  3qqs  3qqs_500  5.33  3qqs_449  5.05   3qqs_72  4.95
116  3gv9  3gv9_658  3.24  3gv9_835  1.86  3gv9_760  2.36
117  3gr2  3gr2_279  7.04  3gr2_254  6.94  3gr2_663  6.66
118  4kz6  4kz6_267  3.10  4kz6_548  1.23  4kz6_879  1.21
119  4jxs  4jxs_275  6.76  4jxs_278  9.49  4jxs_205  9.49
120  2r9w  2r9w_246  6.08  2r9w_202  5.86  2r9w_247  3.96
121  2hb1  2hb1_463  3.08  2hb1_149  1.18  2hb1_330  0.98
122  1bzc  1bzc_463  8.03  1bzc_443  8.24  1bzc_666  7.35
123  2qbr  2qbr_486  3.16  2qbr_353  0.86  2qbr_629  2.45
124  2qbq  2qbq_121  0.99  2qbq_248  0.92  2qbq_236  1.07
125  2qbp  2qbp_191  7.48  2qbp_259  0.84  2qbp_693  4.32
126  1q8t  1q8t_903  1.27  1q8t_262  0.87  1q8t_598  2.10
127  1ydr   1ydr_46  0.88   1ydr_63  0.92   1ydr_26  0.93
128  1q8u  1q8u_140  2.11   1q8u_53  2.48  1q8u_664  2.95
129  1ydt  1ydt_246  1.47  1ydt_408  1.91  1ydt_817  1.01
130  3ag9  3ag9_495  5.59  3ag9_254  7.62  3ag9_203  3.63
131  3fcq  3fcq_129  5.65  3fcq_692  6.37  3fcq_428  3.01
132  1z9g  1z9g_481  4.17  1z9g_269  8.33  1z9g_634  7.20
133  1qf1  1qf1_244  4.96  1qf1_483  4.39   1qf1_10  8.77
134  5tmn  5tmn_498  8.10  5tmn_452  5.32  5tmn_261  9.34
135  4tmn  4tmn_407  4.90  4tmn_418  4.46  4tmn_214  8.02
136  4ddk  4ddk_644  7.55  4ddk_709  7.45  4ddk_651  7.80
137  4ddh  4ddh_971  4.78  4ddh_489  4.14  4ddh_270  1.94
138  3ivg  3ivg_701  3.75  3ivg_275  0.93  3ivg_250  0.82
139  3coz  3coz_332  4.07  3coz_680  4.29  3coz_576  4.82
140  3coy  3coy_588  5.45  3coy_794  1.76  3coy_834  0.90
141  3pxf  3pxf_694  8.53   3pxf_48  8.86  3pxf_332  9.54
142  4eor  4eor_267  5.78  4eor_427  3.68  4eor_257  0.79
143  2xnb  2xnb_253  0.92  2xnb_463  3.58  2xnb_353  7.64
144  1pxn  1pxn_308  5.16  1pxn_225  1.05  1pxn_256  4.71
145  2fvd  2fvd_275  0.92  2fvd_211  0.85  2fvd_467  2.59
146  4k77  4k77_743  2.83  4k77_207  1.06  4k77_237  0.36
147  4e5w  4e5w_445  1.78  4e5w_821  2.20  4e5w_542  3.23
148  4ivb  4ivb_947  0.62  4ivb_784  3.57  4ivb_962  0.78
149  4ivd   4ivd_58  0.53  4ivd_495  2.22  4ivd_787  1.20
150  4ivc  4ivc_723  0.91   4ivc_20  0.21   4ivc_32  0.78
151  4f09  4f09_408  1.16  4f09_182  0.72  4f09_919  0.62
152  4gfm  4gfm_214  0.46  4gfm_291  0.70  4gfm_992  1.29
153  4hge  4hge_605  4.19  4hge_310  0.41  4hge_231  0.39
154  4e6q  4e6q_265  0.57   4e6q_85  0.49  4e6q_120  0.39
155  4jia  4jia_214  6.31  4jia_232  7.03  4jia_202  2.62
156  2brb  2brb_671  2.93  2brb_666  4.25   2brb_88  1.31
157  2br1  2br1_208  2.03  2br1_689  2.34  2br1_879  1.62
158  3jvr  3jvr_441  2.62  3jvr_505  2.29  3jvr_610  6.85
159  3jvs   3jvs_56  8.41  3jvs_229  3.00  3jvs_443  7.63
160  1nvq  1nvq_405  0.92  1nvq_412  0.87  1nvq_738  0.46
161  3acw  3acw_492  6.52  3acw_721  2.32  3acw_732  1.18
162  4ea2  4ea2_411  1.71  4ea2_895  1.55  4ea2_809  1.06
163  2zcr  2zcr_409  2.49  2zcr_765  3.88  2zcr_877  3.77
164  2zy1  2zy1_452  4.11  2zy1_778  4.43  2zy1_422  3.71
165  2zcq  2zcq_707  6.04  2zcq_743  6.19  2zcq_578  3.91
166  1bcu  1bcu_454  4.57  1bcu_451  3.56  1bcu_270  3.32
167  3bv9  3bv9_239  8.98  3bv9_298  2.93  3bv9_240  6.14
168  1oyt   1oyt_59  0.51   1oyt_64  0.53   1oyt_91  0.81
169  2zda  2zda_414  6.69  2zda_264  0.76  2zda_266  2.90
170  3utu  3utu_209  1.71  3utu_300  0.98  3utu_250  0.96
171  3u9q  3u9q_477  6.38  3u9q_458  6.12  3u9q_476  6.16
172  2yfe   2yfe_71  1.06   2yfe_53  0.73    2yfe_4  0.78
173  3fur  3fur_571  3.94  3fur_446  3.37  3fur_215  0.57
174  3b1m  3b1m_905  0.62  3b1m_467  1.97  3b1m_913  0.85
175  2p4y  2p4y_412  5.84  2p4y_842  6.11  2p4y_784  1.56
176  3uo4  3uo4_203  2.07  3uo4_388  0.96  3uo4_260  1.06
177  3up2  3up2_247  6.93  3up2_206  7.05  3up2_641  2.78
178  3e5a  3e5a_286  6.43  3e5a_362  0.75  3e5a_211  2.63
179  2wtv  2wtv_432  7.14  2wtv_108  0.49  2wtv_460  7.43
180  3myg  3myg_925  1.93  3myg_905  0.82  3myg_483  5.30
181  3kgp  3kgp_483  5.15  3kgp_799  2.57  3kgp_491  5.07
182  1c5z  1c5z_613  2.12  1c5z_425  1.20  1c5z_460  1.66
183  1o5b  1o5b_628  5.14  1o5b_413  1.93  1o5b_441  2.21
184  1owh  1owh_253  4.06  1owh_260  4.02  1owh_283  3.89
185  1sqa  1sqa_238  4.20   1sqa_88  3.64  1sqa_411  3.70
186  4jsz  4jsz_512  1.96  4jsz_593  1.45  4jsz_269  2.35
187  3kwa  3kwa_541  1.91  3kwa_130  1.76  3kwa_328  1.92
188  2weg  2weg_472  2.18  2weg_599  1.84  2weg_146  0.87
189  3ryj  3ryj_449  4.03  3ryj_536  1.66  3ryj_471  3.61
190  3dd0  3dd0_283  0.99  3dd0_158  0.89  3dd0_238  0.96
191  2xdl  2xdl_534  2.10   2xdl_99  1.43    2xdl_3  3.88
192  3b27  3b27_474  5.80  3b27_601  2.03  3b27_351  1.53
193  1yc1  1yc1_214  1.24  1yc1_281  1.07  1yc1_220  1.05
194  3rlr  3rlr_444  2.12  3rlr_904  2.00  3rlr_347  0.42
195  2yki  2yki_748  3.77  2yki_828  1.42  2yki_239  0.64
196  1z95  1z95_498  1.90  1z95_486  5.01  1z95_418  5.33
197  3b68  3b68_418  4.50  3b68_558  5.04  3b68_484  2.34
198  3b5r  3b5r_659  6.18  3b5r_550  5.75  3b5r_680  6.01
199  3b65  3b65_572  1.41  3b65_248  0.58  3b65_735  0.84
200  3g0w  3g0w_786  7.44  3g0w_417  6.41  3g0w_488  2.12
201  4u4s  4u4s_971  7.86  4u4s_435  3.15  4u4s_670  2.18
202  1p1q  1p1q_892  3.60  1p1q_646  1.97  1p1q_890  4.30
203  1syi  1syi_659  1.90  1syi_433  0.91  1syi_733  3.79
204  1p1n  1p1n_606  2.09  1p1n_699  1.66  1p1n_333  0.64
205  2al5  2al5_624  1.52  2al5_463  0.99  2al5_478  4.69
206  3g2z  3g2z_656  4.35  3g2z_631  3.16  3g2z_603  2.78
207  3g31  3g31_461  6.91  3g31_416  6.05  3g31_474  4.49
208  4de2  4de2_287  8.09  4de2_441  1.67  4de2_268  7.68
209  4de3  4de3_669  6.22  4de3_209  7.05  4de3_234  6.97
210  4de1  4de1_460  7.96  4de1_487  4.18  4de1_366  0.56
211  1vso  1vso_254  0.99  1vso_363  1.00  1vso_273  0.96
212  4dld  4dld_422  3.03  4dld_408  4.23  4dld_427  5.23
213  3gbb  3gbb_619  2.57  3gbb_407  0.84  3gbb_673  4.02
214  3fv2  3fv2_485  2.50  3fv2_517  1.01  3fv2_699  2.14
215  3fv1  3fv1_436  1.51  3fv1_415  1.45  3fv1_470  0.89
216  4mgd  4mgd_272  0.37  4mgd_427  0.80  4mgd_732  0.98
217  2qe4  2qe4_718  1.97  2qe4_875  2.16  2qe4_165  0.64
218  1qkt  1qkt_775  4.59  1qkt_714  0.57  1qkt_728  0.78
219  2pog  2pog_752  1.53  2pog_967  0.44  2pog_441  0.77
220  2p15  2p15_479  4.00  2p15_425  1.50  2p15_489  2.15
221  2y5h  2y5h_410  7.79  2y5h_284  0.82   2y5h_56  1.04
222  1lpg  1lpg_249  5.16  1lpg_296  2.71  1lpg_266  1.02
223  2xbv   2xbv_52  1.08  2xbv_203  0.94  2xbv_825  1.29
224  1z6e  1z6e_712  1.22  1z6e_702  0.95  1z6e_799  1.93
225  1mq6  1mq6_889  1.86  1mq6_798  0.76  1mq6_886  0.51
226  1nc3  1nc3_490  5.27  1nc3_538  0.97  1nc3_471  5.45
227  1nc1   1nc1_13  0.70   1nc1_75  1.83  1nc1_865  0.57
228  1y6r  1y6r_734  1.13  1y6r_655  1.57  1y6r_288  0.72
229  4f2w  4f2w_454  1.85  4f2w_979  0.63  4f2w_770  1.82
230  4f3c  4f3c_251  0.78  4f3c_755  0.32  4f3c_382  0.60
231  1uto   1uto_10  3.15  1uto_494  3.09  1uto_878  1.93
232  4abg  4abg_236  3.03  4abg_782  2.29  4abg_983  2.72
233  3gy4  3gy4_437  1.30  3gy4_648  1.55  3gy4_259  2.45
234  1k1i  1k1i_258  2.34  1k1i_247  5.70  1k1i_250  4.90
235  1o3f   1o3f_64  2.00   1o3f_94  2.02  1o3f_407  2.35
236  2yge  2yge_472  2.92  2yge_410  2.95  2yge_437  0.89
237  2fxs  2fxs_896  5.16  2fxs_730  4.37  2fxs_453  6.09
238  2iwx  2iwx_103  0.97  2iwx_446  2.24  2iwx_366  0.54
239  2wer  2wer_422  2.00  2wer_419  2.25  2wer_557  1.44
240  2vw5  2vw5_418  1.50  2vw5_411  2.34  2vw5_425  1.90
241  4kzq  4kzq_425  2.12    4kzq_5  0.66  4kzq_428  0.92
242  4kzu  4kzu_601  0.83  4kzu_426  3.28  4kzu_472  3.23
243  4j21  4j21_393  0.51  4j21_463  1.73  4j21_352  0.28
244  4j3l  4j3l_489  1.84  4j3l_202  2.07  4j3l_468  1.76
245  3kr8  3kr8_498  1.42  3kr8_896  0.93  3kr8_499  0.95
246  2ymd  2ymd_626  2.66  2ymd_433  0.89  2ymd_427  1.19
247  2wnc  2wnc_741  8.07  2wnc_752  5.03  2wnc_722  7.88
248  2xys  2xys_659  5.44  2xys_735  4.14  2xys_759  4.41
249  2wn9  2wn9_261  5.88  2wn9_289  6.11  2wn9_299  5.72
250  2x00  2x00_576  6.29  2x00_971  4.97   2x00_53  0.60
251  3ozt  3ozt_207  8.63  3ozt_427  3.60  3ozt_257  4.60
252  3ozs  3ozs_275  4.08  3ozs_273  3.99  3ozs_417  2.48
253  3oe5  3oe5_245  7.31  3oe5_263  6.99  3oe5_248  4.62
254  3oe4  3oe4_283  6.78  3oe4_279  7.62  3oe4_413  6.54
255  3nw9  3nw9_239  2.88  3nw9_263  0.93  3nw9_409  3.35
256  3ao4  3ao4_281  0.56  3ao4_787  1.52  3ao4_784  0.79
257  3zt2  3zt2_472  2.11  3zt2_433  0.97  3zt2_195  0.68
258  3zsx  3zsx_247  3.23  3zsx_585  5.07  3zsx_329  3.51
259  4cig  4cig_656  4.74  4cig_241  5.33  4cig_253  4.66
260  3zso  3zso_240  7.29  3zso_847  3.06  3zso_251  4.95
261  3n7a  3n7a_745  2.01  3n7a_637  2.08  3n7a_459  1.74
262  4ciw  4ciw_592  2.04  4ciw_537  7.17  4ciw_585  7.14
263  3n86  3n86_639  8.07  3n86_420  8.07  3n86_433  8.10
264  3n76  3n76_459  7.15  3n76_632  7.48  3n76_585  3.09
265  2xb8  2xb8_682  6.11  2xb8_620  6.22   2xb8_35  0.74
266  4bkt  4bkt_614  4.79   4bkt_62  0.57  4bkt_283  0.56
267  4w9c  4w9c_249  0.98  4w9c_712  1.13  4w9c_186  0.90
268  4w9l  4w9l_264  0.88   4w9l_12  1.29  4w9l_250  0.95
269  4w9i   4w9i_56  1.27  4w9i_447  2.94   4w9i_97  1.42
270  4w9h  4w9h_210  0.74  4w9h_241  0.67  4w9h_307  0.38
271  3nq9  3nq9_270  9.41  3nq9_282  9.43  3nq9_236  8.54
272  3ueu  3ueu_230  5.95  3ueu_280  5.03  3ueu_235  7.10
273  3uev  3uev_266  6.95  3uev_451  7.05  3uev_793  7.19
274  3uew  3uew_281  8.20  3uew_787  8.27  3uew_757  8.12
275  3uex  3uex_255  4.27  3uex_203  6.83  3uex_244  7.33
276  3lka  3lka_490  3.12  3lka_486  0.87  3lka_665  0.87
277  3ehy  3ehy_406  6.13  3ehy_471  7.31  3ehy_482  5.17
278  3tsk  3tsk_285  5.28  3tsk_259  4.80  3tsk_273  5.12
279  3nx7  3nx7_495  6.08  3nx7_405  6.84  3nx7_670  6.77
280  4gr0  4gr0_218  2.09  4gr0_287  0.81  4gr0_237  0.85
281  3dxg  3dxg_471  3.13  3dxg_480  3.65  3dxg_157  2.54
282  3d6q  3d6q_539  3.78  3d6q_491  3.96  3d6q_259  3.85
283  1w4o  1w4o_424  4.32  1w4o_658  7.04  1w4o_405  5.97
284  1o0h  1o0h_418  9.12  1o0h_474  7.84   1o0h_89  9.13
285  1u1b  1u1b_258  2.45   1u1b_86  8.21  1u1b_295  3.78

Summary of the docking power: ========================================
Among the top1 binding pose ranked by the given scoring function:
Number of correct binding poses = 96, success rate = 33.7%
Among the top2 binding pose ranked by the given scoring function:
Number of correct binding poses = 148, success rate = 51.9%
Among the top3 binding pose ranked by the given scoring function:
Number of correct binding poses = 177, success rate = 62.1%
Spearman correlation coefficient in rmsd range [0-2]: 0.272
Spearman correlation coefficient in rmsd range [0-3]: 0.356
Spearman correlation coefficient in rmsd range [0-4]: 0.394
Spearman correlation coefficient in rmsd range [0-5]: 0.431
Spearman correlation coefficient in rmsd range [0-6]: 0.457
Spearman correlation coefficient in rmsd range [0-7]: 0.464
Spearman correlation coefficient in rmsd range [0-8]: 0.465
Spearman correlation coefficient in rmsd range [0-9]: 0.472
Spearman correlation coefficient in rmsd range [0-10]: 0.476
======================================================================


Template command for running the bootstrap in R program===============

rm(list=ls());
require(boot);
data_all<-read.table("./Results/CASF2016_Scoring_Energy02RMSD2.0//DockingPower_wo_native_Top1.results",header=TRUE);
data<-as.matrix(data_all[,2]);
mymean<-function(x,indices) sum(x[indices])/285;
data.boot<-boot(aa,mymean,R=10000,stype="i",sim="ordinary");
sink("./Results/CASF2016_Scoring_Energy02RMSD2.0//DockingPower_wo_native_Top1-ci.results");
a<-boot.ci(data.boot,conf=0.9,type=c("bca"));
print(a);
sink();

========================================================================

