   Target     1     2     3     4     5     6     7     8     9    10    11  \
1    5c2h  4k18  4qd6  3uri  3ag9  3pww  3prs  3utu  2qnq  3gc5  3nw9  4cra   
2    3uri  3uri  3ag9  3nw9  1z6e  1eby  4gid  3pww  3bv9  3utu  1g2k  4crc   
3    4rfm  3uri  3ag9  3b68  1sqa  4crc  3prs  2vw5  2x00  3bv9  3fur  3nw9   
4    4ty7  3ag9  3uri  4cra  3utu  2p4y  4rfm  3pww  3nw9  4gid  3zso  3tsk   
5    4agq  3ag9  3bv9  4x6p  3utu  2yki  2vw5  4crc  3uew  2x00  3b1m  3pww   
6    5dwr  3uri  3ag9  2vkm  3zso  4crc  3prs  3gnw  4gid  3utu  3b5r  3nw9   
7    4twp  3uri  3ag9  4gid  3pww  1g2k  2vkm  4cig  3bv9  3utu  1eby  2yge   
8    3u8n  2fxs  3ag9  3uri  3e93  4eky  3prs  1eby  2yge  2vkm  3pww  3utu   
9    3o9i  2fxs  3ag9  3pww  4gid  3uri  2vkm  4crc  3prs  1eby  2p4y  3nw9   
10   3p5o  4eky  3ag9  3utu  2yge  4x6p  3prs  1lpg  1nvq  3uri  4gid  3bv9   
11   3ejr  2fxs  4eky  3ag9  1oyt  3uri  4crc  3zsx  4gr0  3pww  3nw9  3bv9   
12   3ebp  2fxs  3ag9  3ozs  1z6e  3uri  3pww  3tsk  3prs  3gnw  3e93  4w9l   
13   2vvn  3uri  3ag9  1eby  1lpg  3zso  2vkm  3arp  3gnw  3bv9  3prs  1g2k   
14   3arp  2fxs  4eky  2p4y  3utu  4gr0  3nw9  3uri  4gid  3tsk  2xbv  3gnw   
15   3gnw  3ag9  2vw5  4ty7  3uri  3utu  4gr0  3bv9  3nw9  1z6e  4gid  3pww   
16   1e66  3ag9  4eky  2fxs  3uri  3pww  2vkm  3prs  4gid  3e93  1eby  4gr0   
17   3f3e  3ag9  2vkm  3e93  3uri  3bv9  1h23  3utu  3pww  2v7a  1lpg  3prs   
18   2cet  2fxs  3uri  3ag9  3e93  4eky  2vkm  4cra  3pww  4crc  3prs  2v7a   
19   4gid  2fxs  3ag9  4eky  3uri  3prs  1z6e  3pww  1eby  3utu  3bv9  4w9l   
20   4pcs  2fxs  4eky  3ag9  3uri  3pww  3utu  4x6p  1oyt  4gr0  4cig  3nw9   
21   3ge7  2fxs  3ag9  3uri  4eky  3pww  3prs  4gid  1eby  1z6e  4crc  1nvq   
22   3e93  2fxs  3ag9  3pww  3uri  4x6p  4gid  3prs  3utu  4m0z  1eby  2vkm   
23   3qqs  3ag9  2fxs  4eky  2xii  3uri  3pww  3bv9  3utu  3nw9  3gnw  1lpg   
24   2r9w  4eky  2fxs  3uri  4cra  3utu  2v7a  3ag9  3pww  4gr0  3nw9  3prs   
25   2qbp  2fxs  4eky  4m0y  3ag9  4rfm  1eby  4crc  4gid  3uri  3pww  3bv9   
26   3ag9  2fxs  4eky  4mme  2p4y  3uri  3ag9  3utu  4gr0  3bv9  4cra  3pww   
27   4tmn  4eky  2fxs  3ag9  3ozs  3pww  3utu  3nw9  4rfm  3uri  2v7a  4gr0   
28   3coy  2fxs  3ag9  3uri  4eky  2vkm  3prs  3pww  3bv9  1eby  4gid  3utu   
29   2fvd  2fxs  4eky  1nc3  3ag9  3uri  3utu  4crc  2p4y  4rfm  1z6e  3gnw   
30   4ivc  2fxs  3prs  3uri  3ag9  2vkm  2yge  3pww  1eby  3nw9  3utu  2vw5   
31   4jia  2fxs  3ag9  3uri  4eky  1nvq  3bv9  1eby  3prs  3utu  4crc  2p4y   
32   1nvq  2fxs  4eky  3uri  3ag9  3utu  2vkm  3bv9  3fur  1nvq  3pww  1g2k   
33   2zcq  2fxs  4eky  3ag9  3uri  3prs  3nw9  4gr0  3bv9  3utu  2vkm  4cig   
34   3utu  2fxs  4eky  3uri  3nw9  4cra  3utu  3tsk  4gr0  4w9l  3ag9  3gnw   
35   2p4y  4eky  3uri  3ag9  2fxs  3jvs  2p4y  4crc  3nw9  3utu  4cra  1eby   
36   3myg  2fxs  1sqa  4eky  3ag9  3uri  2yge  3nw9  2vw5  2x00  3pww  3utu   
37   1sqa  2fxs  4eky  2xnb  3tsk  3uri  4cra  4gr0  3nw9  2wtv  3utu  3b1m   
38   3dd0  2fxs  3ag9  3prs  4eky  3uri  4w9l  3bv9  1eby  4de2  2p4y  1lpg   
39   2yki  2fxs  4eky  3uri  3ag9  3pww  3prs  2vkm  4crc  3zso  4f9w  1z6e   
40   3g0w  3uri  3ag9  2fxs  3pww  4gid  1eby  3prs  4eky  2vkm  4rfm  4gr0   
41   2al5  3ag9  4w9l  3prs  1eby  4gid  3e93  3uri  3zso  2wtv  2fxs  3pww   
42   4de1  4eky  2fxs  3ag9  3uri  3pww  2yge  3gnw  4gid  3utu  4cra  3nw9   
43   3fv1  3uri  3ag9  2fxs  4gid  3nw9  2vkm  3pww  4eky  3e93  1lpg  3prs   
44   2p15  3uri  2fxs  3ag9  4eky  3pww  2vkm  3prs  3bv9  1eby  1g2k  4x6p   
45   1mq6  2fxs  4eky  3utu  3ag9  3tsk  3uri  1h23  4gr0  4w9l  4gid  3pww   
46   4f3c  2fxs  3uri  4rfm  1z6e  1lpg  3ag9  1g2k  2vkm  4eky  3zso  3bv9   
47   1o3f  2fxs  3u5j  3ag9  4eky  3uri  3utu  3zso  4cra  1eby  3tsk  3pww   
48   2vw5  2fxs  3ag9  4eky  3uri  3b68  3prs  3ozs  3utu  2vkm  3bv9  4gid   
49   3kr8  3uri  4eky  2fxs  3pww  1eby  2yge  3ag9  3u5j  2vw5  3prs  2vkm   
50   2x00  4eky  2fxs  3ag9  3utu  3uri  3nw9  3pww  4gr0  1nvq  4cra  2vkm   
51   3nw9  2fxs  4rfm  3ag9  4eky  3pww  1k1i  3uri  3prs  3utu  2wtv  2p4y   
52   3zso  2fxs  3ag9  3uri  2vkm  3pww  4gid  2wtv  3utu  4gr0  1oyt  2zcr   
53   2xb8  3uri  3ag9  3pww  4eky  2fxs  2vkm  3prs  1eby  3zso  1lpg  4gid   
54   4w9h  2fxs  2xys  2pog  3utu  4qac  4eky  3uri  4cra  1lpg  3ag9  4f9w   
55   3uex  2fxs  3ag9  4eky  1sqa  3prs  1eby  2qnq  3up2  4gid  3o9i  4rfm   
56   4gr0  4eky  2fxs  3uri  3prs  3pww  3ag9  3zso  3bv9  2x00  4w9l  4cra   
57   1u1b  2fxs  4eky  3ag9  3uri  4cra  3nw9  1oyt  3pww  4rfm  3bv9  1h23   

      12    13    14    15    16    17    18    19    20    21    22    23  \
1   1nvq  1oyt  3tsk  1h23  2p4y  4w9l  2wtv  4gid  3bv9  3e93  3gnw  4crc   
2   4gr0  3tsk  4cra  3prs  2xbv  3gnw  3zso  4cig  1lpg  2vkm  1k1i  4w9l   
3   1z6e  3gnw  3zso  2yge  2vkm  1oyt  2v7a  4cra  4k18  2wtv  2xbv  3zsx   
4   3bv9  2wtv  2vkm  4gr0  4ty7  1g2k  4w9l  3e93  3pxf  3gnw  1eby  2v7a   
5   3uri  3e93  3k5v  2qnq  1eby  3prs  3gnw  4k18  1nvq  3nw9  4gid  3zso   
6   4ogj  3up2  3bv9  4cra  4k18  3pww  1g2k  1k1i  1lpg  1nvq  4w9l  2xbv   
7   1lpg  1k1i  2x00  3zso  3gnw  4cra  1z6e  2p4y  4crc  4ty7  2qnq  3prs   
8   4crc  4gid  1g2k  1lpg  3bv9  2iwx  1sqa  3nw9  3k5v  1z95  4gr0  2p4y   
9   3utu  4x6p  4eky  4cra  1g2k  4ty7  4gr0  3gnw  4w9l  3tsk  1h23  1lpg   
10  4k18  2vkm  2wtv  3e93  3nw9  4cra  3pww  2yki  3zso  1eby  1oyt  2vw5   
11  4w9l  4k18  4cra  2wtv  3jvs  1h22  3arq  4gid  3gnw  1g2k  3prs  3tsk   
12  1nvq  4gid  2yki  4gr0  4cra  3utu  3nw9  2xbv  1eby  4cig  3bv9  1oyt   
13  4gid  2x00  4cig  2wtv  3e93  2yki  3pww  5a7b  3zsx  3tsk  4w9l  3b1m   
14  4cra  1nvq  3pww  1eby  3ag9  4w9l  3bv9  4crc  1k1i  2vkm  1g2k  1lpg   
15  3gnw  1h23  1lpg  4eky  2vkm  4cra  3tsk  1eby  3uo4  3e93  2v7a  2p4y   
16  4crc  3tsk  3bv9  1lpg  4x6p  3nw9  2v7a  3up2  1nvq  2wtv  4cra  4qd6   
17  4gid  3gnw  3e92  4cra  1sqa  3myg  3arv  4crc  4qd6  4ogj  4x6p  1eby   
18  3jvs  4cig  3nw9  3tsk  4k18  4w9c  4gid  3zsx  1h23  3bv9  5dwr  2yki   
19  3nw9  3gnw  4gr0  4crc  4rfm  4cra  2vkm  3tsk  3jvs  4gid  1g2k  4ogj   
20  3tsk  2vkm  3zsx  1h22  3prs  2yki  1k1i  3bv9  2p4y  1eby  1nvq  4gid   
21  3tsk  3bv9  3zso  3utu  1lpg  4cra  3nw9  4qd6  3gnw  4ogj  2p4y  1k1i   
22  4crc  3nw9  3zso  3e5a  1k1i  1lpg  2v7a  4cra  3tsk  3bv9  2wtv  5a7b   
23  1g2k  3tsk  2wtv  4cra  4x6p  4gr0  2xbv  2x00  4gid  3e93  3prs  2p4y   
24  2p4y  3ozs  2xbv  3bv9  1g2k  3gnw  3e93  1lpg  4gid  1eby  2vkm  3tsk   
25  1e66  2x00  3tsk  2yge  4x6p  1oyt  3zso  3p5o  4ogj  3utu  3e93  4gr0   
26  2vkm  1nvq  3gnw  4w9l  3nw9  2v7a  3tsk  1eby  4crc  4k18  4gid  1h23   
27  3tsk  3bv9  1g2k  4gid  4cra  3gnw  3arq  4crc  2vkm  1eby  1nvq  3zso   
28  4crc  4tmn  4cra  3gnw  3nw9  4w9l  3tsk  4gr0  1z95  1k1i  1u1b  4x6p   
29  3bv9  4gid  1nvq  3tsk  3pww  1lpg  3prs  2vkm  3nw9  1k1i  4ih5  4cra   
30  1nvq  4cra  3tsk  3bv9  2v7a  4gr0  4x6p  3gnw  4rfm  4gid  1h23  3arp   
31  3pww  4gr0  4x6p  1lpg  2yki  1k1i  3nw9  2v7a  3e93  3tsk  4cra  4gid   
32  3nw9  3tsk  3prs  3gnw  1lpg  3zso  4gid  1eby  4gr0  2qnq  4cra  4ogj   
33  4w9l  3tsk  2xbv  3pww  4cra  3e93  3gnw  2p4y  2wtv  1k1i  1eby  4gid   
34  4gid  2wtv  3e93  1eby  2p4y  1h22  2p15  1lpg  2xbv  4crc  3ozt  2vkm   
35  3tsk  2vkm  3bv9  4rfm  2wtv  4x6p  1k1i  3prs  4qd6  2v7a  4k18  4ogj   
36  1nvq  4crc  1eby  4w9l  3prs  2vkm  3tsk  1g2k  1lpg  2v7a  1h23  3e93   
37  3pww  1h23  3uo4  1g2k  1nvq  3e93  4ogj  4k18  3zsx  3jvs  4gid  4crc   
38  2vkm  1z95  2wtv  4gid  1u1b  1k1i  4w9i  1sqa  2qnq  1gpn  3fur  1ydt   
39  1eby  4gid  2p4y  3utu  2wtv  3nw9  4x6p  3tsk  4qd6  4cra  3gnw  3bv9   
40  1g2k  1lpg  3utu  3bv9  3gnw  3e93  4x6p  3zso  4crc  3tsk  3arv  4ogj   
41  4crc  4agq  1g2k  4rfm  4eky  2vkm  4x6p  3qgy  3utu  3gnw  3bv9  4ogj   
42  1eby  4x6p  3bv9  3tsk  3zso  4ogj  2wtv  1g2k  1lpg  3prs  1h23  2vw5   
43  1eby  4x6p  1g2k  4crc  3zso  2qbr  3jvs  5a7b  4cra  3utu  3bv9  2x00   
44  4qd6  4gid  3zso  4crc  3utu  2p4y  3o9i  3gnw  4cra  1oyt  3jvs  2wtv   
45  2vkm  3zso  3zsx  2xbv  3nw9  4cra  3gnw  1g2k  4crc  1eby  2wtv  1lpg   
46  4x6p  1eby  4cig  3pww  4j3l  4gid  4w9l  4twp  1z95  2yge  2qnq  3gnw   
47  4gr0  3e93  1h23  4gid  1g2k  3bv9  3gnw  3zsx  3nw9  4cig  1lpg  2vkm   
48  3pww  2p4y  3nw9  1nvq  1g2k  1h23  4cra  3tsk  2wtv  3gnw  1h22  4rfm   
49  4cig  4gid  2p4y  3zso  1g2k  3bv9  3o9i  2x00  1nvq  3gnw  3up2  1z6e   
50  1lpg  4gid  1k1i  2br1  3prs  3e93  3bv9  3gnw  1oyt  3tsk  1h23  1h22   
51  4gr0  3nw9  2xbv  3zso  4cra  3oe4  2y5h  1nvq  4gid  4w9l  4qd6  3tsk   
52  3prs  4crc  1lpg  1eby  3tsk  3bv9  2yki  4rfm  4cra  1z6e  3nw9  1g2k   
53  1g2k  4qd6  4crc  3gnw  2x00  3o9i  4x6p  1nvq  3utu  3bv9  3e5a  4cra   
54  3tsk  2vkm  3pww  4gr0  2xbv  3arv  4cig  3nw9  3bv9  4crc  3fur  4w9l   
55  3uri  3zso  3pww  3gnw  4crc  3utu  4x6p  1g2k  2wtv  3bv9  3fur  2xbv   
56  2vw5  1z6e  1eby  3nw9  1lpg  2xbv  3utu  3jvs  3b68  3e93  3tsk  2vkm   
57  3e93  3jvs  2xbv  4gid  4gr0  3arq  3utu  2v7a  2wtv  2p4y  2vkm  1eby   

      24    25    26    27    28    29  
1   3jvs  2vkm  2v7a  1k1i  4cig  4x6p  
2   4x6p  4qd6  2vw5  4rfm  2yge  3arq  
3   3e93  3up2  3pww  3utu  3jvs  3uo4  
4   4cig  2br1  1lpg  4crc  2xbv  1h22  
5   4cig  2yge  3p5o  2p4y  3arq  2xii  
6   2xii  2zda  2p4y  1eby  1h23  4jia  
7   4x6p  3g0w  4mgd  4gr0  3up2  1h23  
8   3tsk  4x6p  3gnw  1h22  3b68  1oyt  
9   3bv9  3arq  2wtv  4ogj  4rfm  3b1m  
10  2xbv  4gr0  3jvs  4qd6  3ozs  2v7a  
11  1h23  2br1  3utu  2vkm  3e93  3ozs  
12  2v7a  4k18  2vkm  2p4y  3zso  1lpg  
13  4jia  1h23  1nvq  3o9i  4cra  4x6p  
14  3e93  4x6p  4ty7  4w9h  3prs  3zsx  
15  1nvq  1g2k  4w9l  2yge  1h22  3zso  
16  3utu  4k18  2yki  1k1i  1oyt  4w9c  
17  3qgy  3zso  4eky  2x00  4gr0  5a7b  
18  1z6e  1k1i  3utu  4ogj  1eby  3zso  
19  2wtv  2p4y  1k1i  1lpg  2v7a  1nvq  
20  2fvd  1h23  4crc  2y5h  4cra  3zso  
21  1oyt  2vkm  1g2k  3e93  2yge  4gr0  
22  3e93  1oyt  2yki  4gr0  4w9h  1h22  
23  1nvq  2vkm  2v7a  1eby  4ty7  1k1i  
24  1h23  4w9l  4crc  4ty7  3zso  1oyt  
25  4w9h  3o9i  3g0w  3nw9  2xys  1g2k  
26  3o9i  2wtv  1g2k  4qd6  2vw5  3prs  
27  2yge  4w9l  2p4y  1k1i  4ty7  4cig  
28  4qd6  1g2k  2xbv  3b68  2v7a  2wtv  
29  4gr0  2wtv  2v7a  1eby  1g2k  4ogj  
30  3e93  1h22  1g2k  1k1i  2wtv  4ty7  
31  2vkm  2wtv  4w9l  1g2k  3gnw  2yge  
32  4cig  1k1i  4ty7  3e93  2p4y  4crc  
33  2v7a  1h22  4ogj  1lpg  4qd6  2yge  
34  3zso  4w9i  4rfm  3pww  1h23  1oyt  
35  4w9l  4gr0  1nvq  4ty7  2yki  3pww  
36  4cra  3gnw  4ogj  3bv9  1z6e  1oyt  
37  4cig  2xbv  2p4y  3bv9  1lpg  2x00  
38  4cra  3qgy  3tsk  3nw9  2x00  3pww  
39  2xbv  4gr0  2yki  1g2k  1k1i  1mq6  
40  4jia  4cra  2yki  4ty7  4qd6  2qnq  
41  1lpg  2x00  4jia  2qbp  1sqa  4cig  
42  1nvq  4gr0  3e93  2x00  3o9i  4cig  
43  2xnb  3gnw  3e92  3b1m  3tsk  3o9i  
44  1lpg  4k18  3ozs  3uo4  4w9l  4ogj  
45  1oyt  3e93  3b1m  1k1i  3bv9  4cig  
46  4crc  1nvq  4cra  3e93  2brb  3b5r  
47  2qbp  4w9l  2v7a  2wtv  1k1i  2xbv  
48  3uo4  4ty7  1k1i  3zso  2xbv  3ozt  
49  4crc  3nw9  4k18  3utu  4w9l  2wtv  
50  3zso  1g2k  4crc  4cig  1z6e  4ogj  
51  2v7a  1eby  3zsx  4ty7  2vkm  2zda  
52  2v7a  1nvq  3jvs  2vw5  3gnw  3zso  
53  4ty7  4w9l  4cig  1z6e  2yge  2p4y  
54  1h23  2wtv  2p4y  3prs  2yki  1g2k  
55  2yge  2v7a  3arp  4cra  2vkm  3wz8  
56  3b5r  1ydr  2wtv  4gid  3up2  2xnb  
57  3tsk  2yge  4qd6  4w9l  4x6p  3gnw  

Summary of the forward screening power: =========================================================
Average enrichment factor among top 1% = 1.30
Average enrichment factor among top 5% = 0.83
Average enrichment factor among top 10% = 1.04
The best ligand is found among top 1% candidates for  1 cluster(s); success rate = 1.8%
The best ligand is found among top 5% candidates for  8 cluster(s); success rate = 14.0%
The best ligand is found among top 10% candidates for 12 cluster(s); success rate = 21.1%
================================================================================================

Template command for running the bootstrap in R program=========================================

rm(list=ls());
require(boot);
data_all<-read.table("./Results/CASF2016_Scoring_Energy02RMSD2.0//ForwardScreeningPower_Top1.results",header=TRUE);
data<-as.matrix(data_all[,2]);
mymean<-function(x,indices) sum(x[indices])/57;
data.boot<-boot(aa,mymean,R=10000,stype="i",sim="ordinary");
sink("./Results/CASF2016_Scoring_Energy02RMSD2.0//ForwardScreeningPower_Top1-ci.results");
a<-boot.ci(data.boot,conf=0.9,type=c("bca"));
print(a);
sink();

===============================================================================================

